INFO:root:Converting /Users/afm/src/open-ortho/dent-oip/source/images/EV44.png to DICOM.
WARNING:root:View /Users/afm/src/open-ortho/dent-oip/source/images/EV44.png not found in views.csv.
INFO:root:Converting /Users/afm/src/open-ortho/dent-oip/source/images/EV45.png to DICOM.
WARNING:root:View /Users/afm/src/open-ortho/dent-oip/source/images/EV45.png not found in views.csv.
INFO:root:Converting /Users/afm/src/open-ortho/dent-oip/source/images/EV47.png to DICOM.
WARNING:root:View /Users/afm/src/open-ortho/dent-oip/source/images/EV47.png not found in views.csv.
INFO:root:Converting /Users/afm/src/open-ortho/dent-oip/source/images/EV46.png to DICOM.
WARNING:root:View /Users/afm/src/open-ortho/dent-oip/source/images/EV46.png not found in views.csv.
INFO:root:Converting /Users/afm/src/open-ortho/dent-oip/source/images/EV42.png to DICOM.
WARNING:dicom4ortho.model:SeriesInstanceUID is None. No bueno. Generating one. THIS IS PROBABLY NOT WHAT YOU WANT!
WARNING:dicom4ortho.model:StudyInstanceUID is None. No bueno. Generating one. THIS IS PROBABLY NOT WHAT YOU WANT!
INFO:dicom4ortho.model:File [/Users/afm/src/open-ortho/dent-oip/source/images/EV42.dcm] saved.
INFO:root:Converting /Users/afm/src/open-ortho/dent-oip/source/images/EV43.png to DICOM.
WARNING:dicom4ortho.model:SeriesInstanceUID is None. No bueno. Generating one. THIS IS PROBABLY NOT WHAT YOU WANT!
WARNING:dicom4ortho.model:StudyInstanceUID is None. No bueno. Generating one. THIS IS PROBABLY NOT WHAT YOU WANT!
INFO:dicom4ortho.model:File [/Users/afm/src/open-ortho/dent-oip/source/images/EV43.dcm] saved.
INFO:root:Converting /Users/afm/src/open-ortho/dent-oip/source/images/EV41.png to DICOM.
WARNING:dicom4ortho.model:SeriesInstanceUID is None. No bueno. Generating one. THIS IS PROBABLY NOT WHAT YOU WANT!
WARNING:dicom4ortho.model:StudyInstanceUID is None. No bueno. Generating one. THIS IS PROBABLY NOT WHAT YOU WANT!
INFO:dicom4ortho.model:File [/Users/afm/src/open-ortho/dent-oip/source/images/EV41.dcm] saved.
INFO:root:Converting /Users/afm/src/open-ortho/dent-oip/source/images/EV40.png to DICOM.
WARNING:dicom4ortho.model:SeriesInstanceUID is None. No bueno. Generating one. THIS IS PROBABLY NOT WHAT YOU WANT!
WARNING:dicom4ortho.model:StudyInstanceUID is None. No bueno. Generating one. THIS IS PROBABLY NOT WHAT YOU WANT!
INFO:dicom4ortho.model:File [/Users/afm/src/open-ortho/dent-oip/source/images/EV40.dcm] saved.
INFO:root:Converting /Users/afm/src/open-ortho/dent-oip/source/images/EV27.png to DICOM.
WARNING:dicom4ortho.model:SeriesInstanceUID is None. No bueno. Generating one. THIS IS PROBABLY NOT WHAT YOU WANT!
WARNING:dicom4ortho.model:StudyInstanceUID is None. No bueno. Generating one. THIS IS PROBABLY NOT WHAT YOU WANT!
INFO:dicom4ortho.model:File [/Users/afm/src/open-ortho/dent-oip/source/images/EV27.dcm] saved.
INFO:root:Converting /Users/afm/src/open-ortho/dent-oip/source/images/EV33.png to DICOM.
WARNING:dicom4ortho.model:SeriesInstanceUID is None. No bueno. Generating one. THIS IS PROBABLY NOT WHAT YOU WANT!
WARNING:dicom4ortho.model:StudyInstanceUID is None. No bueno. Generating one. THIS IS PROBABLY NOT WHAT YOU WANT!
INFO:dicom4ortho.model:File [/Users/afm/src/open-ortho/dent-oip/source/images/EV33.dcm] saved.
INFO:root:Converting /Users/afm/src/open-ortho/dent-oip/source/images/IV27.png to DICOM.
WARNING:dicom4ortho.model:SeriesInstanceUID is None. No bueno. Generating one. THIS IS PROBABLY NOT WHAT YOU WANT!
WARNING:dicom4ortho.model:StudyInstanceUID is None. No bueno. Generating one. THIS IS PROBABLY NOT WHAT YOU WANT!
INFO:dicom4ortho.model:File [/Users/afm/src/open-ortho/dent-oip/source/images/IV27.dcm] saved.
INFO:root:Converting /Users/afm/src/open-ortho/dent-oip/source/images/IV26.png to DICOM.
WARNING:dicom4ortho.model:SeriesInstanceUID is None. No bueno. Generating one. THIS IS PROBABLY NOT WHAT YOU WANT!
WARNING:dicom4ortho.model:StudyInstanceUID is None. No bueno. Generating one. THIS IS PROBABLY NOT WHAT YOU WANT!
INFO:dicom4ortho.model:File [/Users/afm/src/open-ortho/dent-oip/source/images/IV26.dcm] saved.
INFO:root:Converting /Users/afm/src/open-ortho/dent-oip/source/images/EV32.png to DICOM.
WARNING:dicom4ortho.model:SeriesInstanceUID is None. No bueno. Generating one. THIS IS PROBABLY NOT WHAT YOU WANT!
WARNING:dicom4ortho.model:StudyInstanceUID is None. No bueno. Generating one. THIS IS PROBABLY NOT WHAT YOU WANT!
INFO:dicom4ortho.model:File [/Users/afm/src/open-ortho/dent-oip/source/images/EV32.dcm] saved.
INFO:root:Converting /Users/afm/src/open-ortho/dent-oip/source/images/EV26.png to DICOM.
WARNING:dicom4ortho.model:SeriesInstanceUID is None. No bueno. Generating one. THIS IS PROBABLY NOT WHAT YOU WANT!
WARNING:dicom4ortho.model:StudyInstanceUID is None. No bueno. Generating one. THIS IS PROBABLY NOT WHAT YOU WANT!
INFO:dicom4ortho.model:File [/Users/afm/src/open-ortho/dent-oip/source/images/EV26.dcm] saved.
INFO:root:Converting /Users/afm/src/open-ortho/dent-oip/source/images/EV30.png to DICOM.
WARNING:dicom4ortho.model:SeriesInstanceUID is None. No bueno. Generating one. THIS IS PROBABLY NOT WHAT YOU WANT!
WARNING:dicom4ortho.model:StudyInstanceUID is None. No bueno. Generating one. THIS IS PROBABLY NOT WHAT YOU WANT!
INFO:dicom4ortho.model:File [/Users/afm/src/open-ortho/dent-oip/source/images/EV30.dcm] saved.
INFO:root:Converting /Users/afm/src/open-ortho/dent-oip/source/images/EV24.png to DICOM.
WARNING:dicom4ortho.model:SeriesInstanceUID is None. No bueno. Generating one. THIS IS PROBABLY NOT WHAT YOU WANT!
WARNING:dicom4ortho.model:StudyInstanceUID is None. No bueno. Generating one. THIS IS PROBABLY NOT WHAT YOU WANT!
INFO:dicom4ortho.model:File [/Users/afm/src/open-ortho/dent-oip/source/images/EV24.dcm] saved.
INFO:root:Converting /Users/afm/src/open-ortho/dent-oip/source/images/EV18.png to DICOM.
WARNING:dicom4ortho.model:SeriesInstanceUID is None. No bueno. Generating one. THIS IS PROBABLY NOT WHAT YOU WANT!
WARNING:dicom4ortho.model:StudyInstanceUID is None. No bueno. Generating one. THIS IS PROBABLY NOT WHAT YOU WANT!
INFO:dicom4ortho.model:File [/Users/afm/src/open-ortho/dent-oip/source/images/EV18.dcm] saved.
INFO:root:Converting /Users/afm/src/open-ortho/dent-oip/source/images/IV18.png to DICOM.
WARNING:dicom4ortho.model:SeriesInstanceUID is None. No bueno. Generating one. THIS IS PROBABLY NOT WHAT YOU WANT!
WARNING:dicom4ortho.model:StudyInstanceUID is None. No bueno. Generating one. THIS IS PROBABLY NOT WHAT YOU WANT!
INFO:dicom4ortho.model:File [/Users/afm/src/open-ortho/dent-oip/source/images/IV18.dcm] saved.
INFO:root:Converting /Users/afm/src/open-ortho/dent-oip/source/images/IV24.png to DICOM.
WARNING:dicom4ortho.model:SeriesInstanceUID is None. No bueno. Generating one. THIS IS PROBABLY NOT WHAT YOU WANT!
WARNING:dicom4ortho.model:StudyInstanceUID is None. No bueno. Generating one. THIS IS PROBABLY NOT WHAT YOU WANT!
INFO:dicom4ortho.model:File [/Users/afm/src/open-ortho/dent-oip/source/images/IV24.dcm] saved.
INFO:root:Converting /Users/afm/src/open-ortho/dent-oip/source/images/IV30.png to DICOM.
WARNING:dicom4ortho.m_orthodontic_photograph:PatientOrientation not found for /Users/afm/src/open-ortho/dent-oip/source/images/IV30.dcm. Defaulting to {'code': 'L^F', 'codeset': 'CS', 'meaning': 'Left, Foot', 'used for': 'PatientOrientation', 'notes': ''}
WARNING:dicom4ortho.model:SeriesInstanceUID is None. No bueno. Generating one. THIS IS PROBABLY NOT WHAT YOU WANT!
WARNING:dicom4ortho.model:StudyInstanceUID is None. No bueno. Generating one. THIS IS PROBABLY NOT WHAT YOU WANT!
INFO:dicom4ortho.model:File [/Users/afm/src/open-ortho/dent-oip/source/images/IV30.dcm] saved.
INFO:root:Converting /Users/afm/src/open-ortho/dent-oip/source/images/IV25.png to DICOM.
WARNING:dicom4ortho.model:SeriesInstanceUID is None. No bueno. Generating one. THIS IS PROBABLY NOT WHAT YOU WANT!
WARNING:dicom4ortho.model:StudyInstanceUID is None. No bueno. Generating one. THIS IS PROBABLY NOT WHAT YOU WANT!
INFO:dicom4ortho.model:File [/Users/afm/src/open-ortho/dent-oip/source/images/IV25.dcm] saved.
INFO:root:Converting /Users/afm/src/open-ortho/dent-oip/source/images/IV19.png to DICOM.
WARNING:dicom4ortho.model:SeriesInstanceUID is None. No bueno. Generating one. THIS IS PROBABLY NOT WHAT YOU WANT!
WARNING:dicom4ortho.model:StudyInstanceUID is None. No bueno. Generating one. THIS IS PROBABLY NOT WHAT YOU WANT!
INFO:dicom4ortho.model:File [/Users/afm/src/open-ortho/dent-oip/source/images/IV19.dcm] saved.
INFO:root:Converting /Users/afm/src/open-ortho/dent-oip/source/images/EV19.png to DICOM.
WARNING:dicom4ortho.model:SeriesInstanceUID is None. No bueno. Generating one. THIS IS PROBABLY NOT WHAT YOU WANT!
WARNING:dicom4ortho.model:StudyInstanceUID is None. No bueno. Generating one. THIS IS PROBABLY NOT WHAT YOU WANT!
INFO:dicom4ortho.model:File [/Users/afm/src/open-ortho/dent-oip/source/images/EV19.dcm] saved.
INFO:root:Converting /Users/afm/src/open-ortho/dent-oip/source/images/EV25.png to DICOM.
WARNING:dicom4ortho.model:SeriesInstanceUID is None. No bueno. Generating one. THIS IS PROBABLY NOT WHAT YOU WANT!
WARNING:dicom4ortho.model:StudyInstanceUID is None. No bueno. Generating one. THIS IS PROBABLY NOT WHAT YOU WANT!
INFO:dicom4ortho.model:File [/Users/afm/src/open-ortho/dent-oip/source/images/EV25.dcm] saved.
INFO:root:Converting /Users/afm/src/open-ortho/dent-oip/source/images/EV31.png to DICOM.
WARNING:dicom4ortho.model:SeriesInstanceUID is None. No bueno. Generating one. THIS IS PROBABLY NOT WHAT YOU WANT!
WARNING:dicom4ortho.model:StudyInstanceUID is None. No bueno. Generating one. THIS IS PROBABLY NOT WHAT YOU WANT!
INFO:dicom4ortho.model:File [/Users/afm/src/open-ortho/dent-oip/source/images/EV31.dcm] saved.
INFO:root:Converting /Users/afm/src/open-ortho/dent-oip/source/images/EV09.png to DICOM.
WARNING:dicom4ortho.model:SeriesInstanceUID is None. No bueno. Generating one. THIS IS PROBABLY NOT WHAT YOU WANT!
WARNING:dicom4ortho.model:StudyInstanceUID is None. No bueno. Generating one. THIS IS PROBABLY NOT WHAT YOU WANT!
INFO:dicom4ortho.model:File [/Users/afm/src/open-ortho/dent-oip/source/images/EV09.dcm] saved.
INFO:root:Converting /Users/afm/src/open-ortho/dent-oip/source/images/EV35.png to DICOM.
WARNING:dicom4ortho.model:SeriesInstanceUID is None. No bueno. Generating one. THIS IS PROBABLY NOT WHAT YOU WANT!
WARNING:dicom4ortho.model:StudyInstanceUID is None. No bueno. Generating one. THIS IS PROBABLY NOT WHAT YOU WANT!
INFO:dicom4ortho.model:File [/Users/afm/src/open-ortho/dent-oip/source/images/EV35.dcm] saved.
INFO:root:Converting /Users/afm/src/open-ortho/dent-oip/source/images/EV21.png to DICOM.
WARNING:dicom4ortho.model:SeriesInstanceUID is None. No bueno. Generating one. THIS IS PROBABLY NOT WHAT YOU WANT!
WARNING:dicom4ortho.model:StudyInstanceUID is None. No bueno. Generating one. THIS IS PROBABLY NOT WHAT YOU WANT!
INFO:dicom4ortho.model:File [/Users/afm/src/open-ortho/dent-oip/source/images/EV21.dcm] saved.
INFO:root:Converting /Users/afm/src/open-ortho/dent-oip/source/images/IV21.png to DICOM.
WARNING:dicom4ortho.model:SeriesInstanceUID is None. No bueno. Generating one. THIS IS PROBABLY NOT WHAT YOU WANT!
WARNING:dicom4ortho.model:StudyInstanceUID is None. No bueno. Generating one. THIS IS PROBABLY NOT WHAT YOU WANT!
INFO:dicom4ortho.model:File [/Users/afm/src/open-ortho/dent-oip/source/images/IV21.dcm] saved.
INFO:root:Converting /Users/afm/src/open-ortho/dent-oip/source/images/IV09.png to DICOM.
WARNING:dicom4ortho.model:SeriesInstanceUID is None. No bueno. Generating one. THIS IS PROBABLY NOT WHAT YOU WANT!
WARNING:dicom4ortho.model:StudyInstanceUID is None. No bueno. Generating one. THIS IS PROBABLY NOT WHAT YOU WANT!
INFO:dicom4ortho.model:File [/Users/afm/src/open-ortho/dent-oip/source/images/IV09.dcm] saved.
INFO:root:Converting /Users/afm/src/open-ortho/dent-oip/source/images/IV08.png to DICOM.
WARNING:dicom4ortho.model:SeriesInstanceUID is None. No bueno. Generating one. THIS IS PROBABLY NOT WHAT YOU WANT!
WARNING:dicom4ortho.model:StudyInstanceUID is None. No bueno. Generating one. THIS IS PROBABLY NOT WHAT YOU WANT!
INFO:dicom4ortho.model:File [/Users/afm/src/open-ortho/dent-oip/source/images/IV08.dcm] saved.
INFO:root:Converting /Users/afm/src/open-ortho/dent-oip/source/images/IV20.png to DICOM.
WARNING:dicom4ortho.model:SeriesInstanceUID is None. No bueno. Generating one. THIS IS PROBABLY NOT WHAT YOU WANT!
WARNING:dicom4ortho.model:StudyInstanceUID is None. No bueno. Generating one. THIS IS PROBABLY NOT WHAT YOU WANT!
INFO:dicom4ortho.model:File [/Users/afm/src/open-ortho/dent-oip/source/images/IV20.dcm] saved.
INFO:root:Converting /Users/afm/src/open-ortho/dent-oip/source/images/EV20.png to DICOM.
WARNING:dicom4ortho.model:SeriesInstanceUID is None. No bueno. Generating one. THIS IS PROBABLY NOT WHAT YOU WANT!
WARNING:dicom4ortho.model:StudyInstanceUID is None. No bueno. Generating one. THIS IS PROBABLY NOT WHAT YOU WANT!
INFO:dicom4ortho.model:File [/Users/afm/src/open-ortho/dent-oip/source/images/EV20.dcm] saved.
INFO:root:Converting /Users/afm/src/open-ortho/dent-oip/source/images/EV34.png to DICOM.
WARNING:dicom4ortho.model:SeriesInstanceUID is None. No bueno. Generating one. THIS IS PROBABLY NOT WHAT YOU WANT!
WARNING:dicom4ortho.model:StudyInstanceUID is None. No bueno. Generating one. THIS IS PROBABLY NOT WHAT YOU WANT!
INFO:dicom4ortho.model:File [/Users/afm/src/open-ortho/dent-oip/source/images/EV34.dcm] saved.
INFO:root:Converting /Users/afm/src/open-ortho/dent-oip/source/images/EV08.png to DICOM.
WARNING:dicom4ortho.model:SeriesInstanceUID is None. No bueno. Generating one. THIS IS PROBABLY NOT WHAT YOU WANT!
WARNING:dicom4ortho.model:StudyInstanceUID is None. No bueno. Generating one. THIS IS PROBABLY NOT WHAT YOU WANT!
INFO:dicom4ortho.model:File [/Users/afm/src/open-ortho/dent-oip/source/images/EV08.dcm] saved.
INFO:root:Converting /Users/afm/src/open-ortho/dent-oip/source/images/EV22.png to DICOM.
WARNING:dicom4ortho.model:SeriesInstanceUID is None. No bueno. Generating one. THIS IS PROBABLY NOT WHAT YOU WANT!
WARNING:dicom4ortho.model:StudyInstanceUID is None. No bueno. Generating one. THIS IS PROBABLY NOT WHAT YOU WANT!
INFO:dicom4ortho.model:File [/Users/afm/src/open-ortho/dent-oip/source/images/EV22.dcm] saved.
INFO:root:Converting /Users/afm/src/open-ortho/dent-oip/source/images/EV36.png to DICOM.
WARNING:dicom4ortho.model:SeriesInstanceUID is None. No bueno. Generating one. THIS IS PROBABLY NOT WHAT YOU WANT!
WARNING:dicom4ortho.model:StudyInstanceUID is None. No bueno. Generating one. THIS IS PROBABLY NOT WHAT YOU WANT!
INFO:dicom4ortho.model:File [/Users/afm/src/open-ortho/dent-oip/source/images/EV36.dcm] saved.
INFO:root:Converting /Users/afm/src/open-ortho/dent-oip/source/images/IV22.png to DICOM.
WARNING:dicom4ortho.model:SeriesInstanceUID is None. No bueno. Generating one. THIS IS PROBABLY NOT WHAT YOU WANT!
WARNING:dicom4ortho.model:StudyInstanceUID is None. No bueno. Generating one. THIS IS PROBABLY NOT WHAT YOU WANT!
INFO:dicom4ortho.model:File [/Users/afm/src/open-ortho/dent-oip/source/images/IV22.dcm] saved.
INFO:root:Converting /Users/afm/src/open-ortho/dent-oip/source/images/IV23.png to DICOM.
WARNING:dicom4ortho.model:SeriesInstanceUID is None. No bueno. Generating one. THIS IS PROBABLY NOT WHAT YOU WANT!
WARNING:dicom4ortho.model:StudyInstanceUID is None. No bueno. Generating one. THIS IS PROBABLY NOT WHAT YOU WANT!
INFO:dicom4ortho.model:File [/Users/afm/src/open-ortho/dent-oip/source/images/IV23.dcm] saved.
INFO:root:Converting /Users/afm/src/open-ortho/dent-oip/source/images/EV37.png to DICOM.
WARNING:dicom4ortho.model:SeriesInstanceUID is None. No bueno. Generating one. THIS IS PROBABLY NOT WHAT YOU WANT!
WARNING:dicom4ortho.model:StudyInstanceUID is None. No bueno. Generating one. THIS IS PROBABLY NOT WHAT YOU WANT!
INFO:dicom4ortho.model:File [/Users/afm/src/open-ortho/dent-oip/source/images/EV37.dcm] saved.
INFO:root:Converting /Users/afm/src/open-ortho/dent-oip/source/images/EV23.png to DICOM.
WARNING:dicom4ortho.model:SeriesInstanceUID is None. No bueno. Generating one. THIS IS PROBABLY NOT WHAT YOU WANT!
WARNING:dicom4ortho.model:StudyInstanceUID is None. No bueno. Generating one. THIS IS PROBABLY NOT WHAT YOU WANT!
INFO:dicom4ortho.model:File [/Users/afm/src/open-ortho/dent-oip/source/images/EV23.dcm] saved.
INFO:root:Converting /Users/afm/src/open-ortho/dent-oip/source/images/EV06.png to DICOM.
WARNING:dicom4ortho.model:SeriesInstanceUID is None. No bueno. Generating one. THIS IS PROBABLY NOT WHAT YOU WANT!
WARNING:dicom4ortho.model:StudyInstanceUID is None. No bueno. Generating one. THIS IS PROBABLY NOT WHAT YOU WANT!
INFO:dicom4ortho.model:File [/Users/afm/src/open-ortho/dent-oip/source/images/EV06.dcm] saved.
INFO:root:Converting /Users/afm/src/open-ortho/dent-oip/source/images/EV12.png to DICOM.
WARNING:dicom4ortho.model:SeriesInstanceUID is None. No bueno. Generating one. THIS IS PROBABLY NOT WHAT YOU WANT!
WARNING:dicom4ortho.model:StudyInstanceUID is None. No bueno. Generating one. THIS IS PROBABLY NOT WHAT YOU WANT!
INFO:dicom4ortho.model:File [/Users/afm/src/open-ortho/dent-oip/source/images/EV12.dcm] saved.
INFO:root:Converting /Users/afm/src/open-ortho/dent-oip/source/images/IV12.png to DICOM.
WARNING:dicom4ortho.model:SeriesInstanceUID is None. No bueno. Generating one. THIS IS PROBABLY NOT WHAT YOU WANT!
WARNING:dicom4ortho.model:StudyInstanceUID is None. No bueno. Generating one. THIS IS PROBABLY NOT WHAT YOU WANT!
INFO:dicom4ortho.model:File [/Users/afm/src/open-ortho/dent-oip/source/images/IV12.dcm] saved.
INFO:root:Converting /Users/afm/src/open-ortho/dent-oip/source/images/IV06.png to DICOM.
WARNING:dicom4ortho.model:SeriesInstanceUID is None. No bueno. Generating one. THIS IS PROBABLY NOT WHAT YOU WANT!
WARNING:dicom4ortho.model:StudyInstanceUID is None. No bueno. Generating one. THIS IS PROBABLY NOT WHAT YOU WANT!
INFO:dicom4ortho.model:File [/Users/afm/src/open-ortho/dent-oip/source/images/IV06.dcm] saved.
INFO:root:Converting /Users/afm/src/open-ortho/dent-oip/source/images/IV07.png to DICOM.
WARNING:dicom4ortho.model:SeriesInstanceUID is None. No bueno. Generating one. THIS IS PROBABLY NOT WHAT YOU WANT!
WARNING:dicom4ortho.model:StudyInstanceUID is None. No bueno. Generating one. THIS IS PROBABLY NOT WHAT YOU WANT!
INFO:dicom4ortho.model:File [/Users/afm/src/open-ortho/dent-oip/source/images/IV07.dcm] saved.
INFO:root:Converting /Users/afm/src/open-ortho/dent-oip/source/images/IV13.png to DICOM.
WARNING:dicom4ortho.model:SeriesInstanceUID is None. No bueno. Generating one. THIS IS PROBABLY NOT WHAT YOU WANT!
WARNING:dicom4ortho.model:StudyInstanceUID is None. No bueno. Generating one. THIS IS PROBABLY NOT WHAT YOU WANT!
INFO:dicom4ortho.model:File [/Users/afm/src/open-ortho/dent-oip/source/images/IV13.dcm] saved.
INFO:root:Converting /Users/afm/src/open-ortho/dent-oip/source/images/EV13.png to DICOM.
WARNING:dicom4ortho.model:SeriesInstanceUID is None. No bueno. Generating one. THIS IS PROBABLY NOT WHAT YOU WANT!
WARNING:dicom4ortho.model:StudyInstanceUID is None. No bueno. Generating one. THIS IS PROBABLY NOT WHAT YOU WANT!
INFO:dicom4ortho.model:File [/Users/afm/src/open-ortho/dent-oip/source/images/EV13.dcm] saved.
INFO:root:Converting /Users/afm/src/open-ortho/dent-oip/source/images/EV07.png to DICOM.
WARNING:dicom4ortho.model:SeriesInstanceUID is None. No bueno. Generating one. THIS IS PROBABLY NOT WHAT YOU WANT!
WARNING:dicom4ortho.model:StudyInstanceUID is None. No bueno. Generating one. THIS IS PROBABLY NOT WHAT YOU WANT!
INFO:dicom4ortho.model:File [/Users/afm/src/open-ortho/dent-oip/source/images/EV07.dcm] saved.
INFO:root:Converting /Users/afm/src/open-ortho/dent-oip/source/images/EV11.png to DICOM.
WARNING:dicom4ortho.model:SeriesInstanceUID is None. No bueno. Generating one. THIS IS PROBABLY NOT WHAT YOU WANT!
WARNING:dicom4ortho.model:StudyInstanceUID is None. No bueno. Generating one. THIS IS PROBABLY NOT WHAT YOU WANT!
INFO:dicom4ortho.model:File [/Users/afm/src/open-ortho/dent-oip/source/images/EV11.dcm] saved.
INFO:root:Converting /Users/afm/src/open-ortho/dent-oip/source/images/EV05.png to DICOM.
WARNING:dicom4ortho.model:SeriesInstanceUID is None. No bueno. Generating one. THIS IS PROBABLY NOT WHAT YOU WANT!
WARNING:dicom4ortho.model:StudyInstanceUID is None. No bueno. Generating one. THIS IS PROBABLY NOT WHAT YOU WANT!
INFO:dicom4ortho.model:File [/Users/afm/src/open-ortho/dent-oip/source/images/EV05.dcm] saved.
INFO:root:Converting /Users/afm/src/open-ortho/dent-oip/source/images/EV39.png to DICOM.
WARNING:dicom4ortho.model:SeriesInstanceUID is None. No bueno. Generating one. THIS IS PROBABLY NOT WHAT YOU WANT!
WARNING:dicom4ortho.model:StudyInstanceUID is None. No bueno. Generating one. THIS IS PROBABLY NOT WHAT YOU WANT!
INFO:dicom4ortho.model:File [/Users/afm/src/open-ortho/dent-oip/source/images/EV39.dcm] saved.
INFO:root:Converting /Users/afm/src/open-ortho/dent-oip/source/images/IV05.png to DICOM.
WARNING:dicom4ortho.model:SeriesInstanceUID is None. No bueno. Generating one. THIS IS PROBABLY NOT WHAT YOU WANT!
WARNING:dicom4ortho.model:StudyInstanceUID is None. No bueno. Generating one. THIS IS PROBABLY NOT WHAT YOU WANT!
INFO:dicom4ortho.model:File [/Users/afm/src/open-ortho/dent-oip/source/images/IV05.dcm] saved.
INFO:root:Converting /Users/afm/src/open-ortho/dent-oip/source/images/IV11.png to DICOM.
WARNING:dicom4ortho.model:SeriesInstanceUID is None. No bueno. Generating one. THIS IS PROBABLY NOT WHAT YOU WANT!
WARNING:dicom4ortho.model:StudyInstanceUID is None. No bueno. Generating one. THIS IS PROBABLY NOT WHAT YOU WANT!
INFO:dicom4ortho.model:File [/Users/afm/src/open-ortho/dent-oip/source/images/IV11.dcm] saved.
INFO:root:Converting /Users/afm/src/open-ortho/dent-oip/source/images/IV10.png to DICOM.
WARNING:dicom4ortho.model:SeriesInstanceUID is None. No bueno. Generating one. THIS IS PROBABLY NOT WHAT YOU WANT!
WARNING:dicom4ortho.model:StudyInstanceUID is None. No bueno. Generating one. THIS IS PROBABLY NOT WHAT YOU WANT!
INFO:dicom4ortho.model:File [/Users/afm/src/open-ortho/dent-oip/source/images/IV10.dcm] saved.
INFO:root:Converting /Users/afm/src/open-ortho/dent-oip/source/images/IV04.png to DICOM.
WARNING:dicom4ortho.model:SeriesInstanceUID is None. No bueno. Generating one. THIS IS PROBABLY NOT WHAT YOU WANT!
WARNING:dicom4ortho.model:StudyInstanceUID is None. No bueno. Generating one. THIS IS PROBABLY NOT WHAT YOU WANT!
INFO:dicom4ortho.model:File [/Users/afm/src/open-ortho/dent-oip/source/images/IV04.dcm] saved.
INFO:root:Converting /Users/afm/src/open-ortho/dent-oip/source/images/EV38.png to DICOM.
WARNING:dicom4ortho.model:SeriesInstanceUID is None. No bueno. Generating one. THIS IS PROBABLY NOT WHAT YOU WANT!
WARNING:dicom4ortho.model:StudyInstanceUID is None. No bueno. Generating one. THIS IS PROBABLY NOT WHAT YOU WANT!
INFO:dicom4ortho.model:File [/Users/afm/src/open-ortho/dent-oip/source/images/EV38.dcm] saved.
INFO:root:Converting /Users/afm/src/open-ortho/dent-oip/source/images/EV04.png to DICOM.
WARNING:dicom4ortho.model:SeriesInstanceUID is None. No bueno. Generating one. THIS IS PROBABLY NOT WHAT YOU WANT!
WARNING:dicom4ortho.model:StudyInstanceUID is None. No bueno. Generating one. THIS IS PROBABLY NOT WHAT YOU WANT!
INFO:dicom4ortho.model:File [/Users/afm/src/open-ortho/dent-oip/source/images/EV04.dcm] saved.
INFO:root:Converting /Users/afm/src/open-ortho/dent-oip/source/images/EV10.png to DICOM.
WARNING:dicom4ortho.model:SeriesInstanceUID is None. No bueno. Generating one. THIS IS PROBABLY NOT WHAT YOU WANT!
WARNING:dicom4ortho.model:StudyInstanceUID is None. No bueno. Generating one. THIS IS PROBABLY NOT WHAT YOU WANT!
INFO:dicom4ortho.model:File [/Users/afm/src/open-ortho/dent-oip/source/images/EV10.dcm] saved.
INFO:root:Converting /Users/afm/src/open-ortho/dent-oip/source/images/EV28.png to DICOM.
WARNING:dicom4ortho.model:SeriesInstanceUID is None. No bueno. Generating one. THIS IS PROBABLY NOT WHAT YOU WANT!
WARNING:dicom4ortho.model:StudyInstanceUID is None. No bueno. Generating one. THIS IS PROBABLY NOT WHAT YOU WANT!
INFO:dicom4ortho.model:File [/Users/afm/src/open-ortho/dent-oip/source/images/EV28.dcm] saved.
INFO:root:Converting /Users/afm/src/open-ortho/dent-oip/source/images/EV14.png to DICOM.
WARNING:dicom4ortho.model:SeriesInstanceUID is None. No bueno. Generating one. THIS IS PROBABLY NOT WHAT YOU WANT!
WARNING:dicom4ortho.model:StudyInstanceUID is None. No bueno. Generating one. THIS IS PROBABLY NOT WHAT YOU WANT!
INFO:dicom4ortho.model:File [/Users/afm/src/open-ortho/dent-oip/source/images/EV14.dcm] saved.
INFO:root:Converting /Users/afm/src/open-ortho/dent-oip/source/images/IV14.png to DICOM.
WARNING:dicom4ortho.model:SeriesInstanceUID is None. No bueno. Generating one. THIS IS PROBABLY NOT WHAT YOU WANT!
WARNING:dicom4ortho.model:StudyInstanceUID is None. No bueno. Generating one. THIS IS PROBABLY NOT WHAT YOU WANT!
INFO:dicom4ortho.model:File [/Users/afm/src/open-ortho/dent-oip/source/images/IV14.dcm] saved.
INFO:root:Converting /Users/afm/src/open-ortho/dent-oip/source/images/IV28.png to DICOM.
WARNING:dicom4ortho.m_orthodontic_photograph:PatientOrientation not found for /Users/afm/src/open-ortho/dent-oip/source/images/IV28.dcm. Defaulting to {'code': 'L^F', 'codeset': 'CS', 'meaning': 'Left, Foot', 'used for': 'PatientOrientation', 'notes': ''}
WARNING:dicom4ortho.model:SeriesInstanceUID is None. No bueno. Generating one. THIS IS PROBABLY NOT WHAT YOU WANT!
WARNING:dicom4ortho.model:StudyInstanceUID is None. No bueno. Generating one. THIS IS PROBABLY NOT WHAT YOU WANT!
INFO:dicom4ortho.model:File [/Users/afm/src/open-ortho/dent-oip/source/images/IV28.dcm] saved.
INFO:root:Converting /Users/afm/src/open-ortho/dent-oip/source/images/IV29.png to DICOM.
WARNING:dicom4ortho.model:SeriesInstanceUID is None. No bueno. Generating one. THIS IS PROBABLY NOT WHAT YOU WANT!
WARNING:dicom4ortho.model:StudyInstanceUID is None. No bueno. Generating one. THIS IS PROBABLY NOT WHAT YOU WANT!
INFO:dicom4ortho.model:File [/Users/afm/src/open-ortho/dent-oip/source/images/IV29.dcm] saved.
INFO:root:Converting /Users/afm/src/open-ortho/dent-oip/source/images/IV15.png to DICOM.
WARNING:dicom4ortho.model:SeriesInstanceUID is None. No bueno. Generating one. THIS IS PROBABLY NOT WHAT YOU WANT!
WARNING:dicom4ortho.model:StudyInstanceUID is None. No bueno. Generating one. THIS IS PROBABLY NOT WHAT YOU WANT!
INFO:dicom4ortho.model:File [/Users/afm/src/open-ortho/dent-oip/source/images/IV15.dcm] saved.
INFO:root:Converting /Users/afm/src/open-ortho/dent-oip/source/images/IV01.png to DICOM.
WARNING:dicom4ortho.model:SeriesInstanceUID is None. No bueno. Generating one. THIS IS PROBABLY NOT WHAT YOU WANT!
WARNING:dicom4ortho.model:StudyInstanceUID is None. No bueno. Generating one. THIS IS PROBABLY NOT WHAT YOU WANT!
INFO:dicom4ortho.model:File [/Users/afm/src/open-ortho/dent-oip/source/images/IV01.dcm] saved.
INFO:root:Converting /Users/afm/src/open-ortho/dent-oip/source/images/EV01.png to DICOM.
WARNING:dicom4ortho.model:SeriesInstanceUID is None. No bueno. Generating one. THIS IS PROBABLY NOT WHAT YOU WANT!
WARNING:dicom4ortho.model:StudyInstanceUID is None. No bueno. Generating one. THIS IS PROBABLY NOT WHAT YOU WANT!
INFO:dicom4ortho.model:File [/Users/afm/src/open-ortho/dent-oip/source/images/EV01.dcm] saved.
INFO:root:Converting /Users/afm/src/open-ortho/dent-oip/source/images/EV15.png to DICOM.
WARNING:dicom4ortho.model:SeriesInstanceUID is None. No bueno. Generating one. THIS IS PROBABLY NOT WHAT YOU WANT!
WARNING:dicom4ortho.model:StudyInstanceUID is None. No bueno. Generating one. THIS IS PROBABLY NOT WHAT YOU WANT!
INFO:dicom4ortho.model:File [/Users/afm/src/open-ortho/dent-oip/source/images/EV15.dcm] saved.
INFO:root:Converting /Users/afm/src/open-ortho/dent-oip/source/images/EV29.png to DICOM.
WARNING:dicom4ortho.model:SeriesInstanceUID is None. No bueno. Generating one. THIS IS PROBABLY NOT WHAT YOU WANT!
WARNING:dicom4ortho.model:StudyInstanceUID is None. No bueno. Generating one. THIS IS PROBABLY NOT WHAT YOU WANT!
INFO:dicom4ortho.model:File [/Users/afm/src/open-ortho/dent-oip/source/images/EV29.dcm] saved.
INFO:root:Converting /Users/afm/src/open-ortho/dent-oip/source/images/EV03.png to DICOM.
WARNING:dicom4ortho.model:SeriesInstanceUID is None. No bueno. Generating one. THIS IS PROBABLY NOT WHAT YOU WANT!
WARNING:dicom4ortho.model:StudyInstanceUID is None. No bueno. Generating one. THIS IS PROBABLY NOT WHAT YOU WANT!
INFO:dicom4ortho.model:File [/Users/afm/src/open-ortho/dent-oip/source/images/EV03.dcm] saved.
INFO:root:Converting /Users/afm/src/open-ortho/dent-oip/source/images/EV17.png to DICOM.
WARNING:dicom4ortho.model:SeriesInstanceUID is None. No bueno. Generating one. THIS IS PROBABLY NOT WHAT YOU WANT!
WARNING:dicom4ortho.model:StudyInstanceUID is None. No bueno. Generating one. THIS IS PROBABLY NOT WHAT YOU WANT!
INFO:dicom4ortho.model:File [/Users/afm/src/open-ortho/dent-oip/source/images/EV17.dcm] saved.
INFO:root:Converting /Users/afm/src/open-ortho/dent-oip/source/images/IV17.png to DICOM.
WARNING:dicom4ortho.model:SeriesInstanceUID is None. No bueno. Generating one. THIS IS PROBABLY NOT WHAT YOU WANT!
WARNING:dicom4ortho.model:StudyInstanceUID is None. No bueno. Generating one. THIS IS PROBABLY NOT WHAT YOU WANT!
INFO:dicom4ortho.model:File [/Users/afm/src/open-ortho/dent-oip/source/images/IV17.dcm] saved.
INFO:root:Converting /Users/afm/src/open-ortho/dent-oip/source/images/IV03.png to DICOM.
WARNING:dicom4ortho.model:SeriesInstanceUID is None. No bueno. Generating one. THIS IS PROBABLY NOT WHAT YOU WANT!
WARNING:dicom4ortho.model:StudyInstanceUID is None. No bueno. Generating one. THIS IS PROBABLY NOT WHAT YOU WANT!
INFO:dicom4ortho.model:File [/Users/afm/src/open-ortho/dent-oip/source/images/IV03.dcm] saved.
INFO:root:Converting /Users/afm/src/open-ortho/dent-oip/source/images/IV02.png to DICOM.
WARNING:dicom4ortho.model:SeriesInstanceUID is None. No bueno. Generating one. THIS IS PROBABLY NOT WHAT YOU WANT!
WARNING:dicom4ortho.model:StudyInstanceUID is None. No bueno. Generating one. THIS IS PROBABLY NOT WHAT YOU WANT!
INFO:dicom4ortho.model:File [/Users/afm/src/open-ortho/dent-oip/source/images/IV02.dcm] saved.
INFO:root:Converting /Users/afm/src/open-ortho/dent-oip/source/images/IV16.png to DICOM.
WARNING:dicom4ortho.model:SeriesInstanceUID is None. No bueno. Generating one. THIS IS PROBABLY NOT WHAT YOU WANT!
WARNING:dicom4ortho.model:StudyInstanceUID is None. No bueno. Generating one. THIS IS PROBABLY NOT WHAT YOU WANT!
INFO:dicom4ortho.model:File [/Users/afm/src/open-ortho/dent-oip/source/images/IV16.dcm] saved.
INFO:root:Converting /Users/afm/src/open-ortho/dent-oip/source/images/EV16.png to DICOM.
WARNING:dicom4ortho.model:SeriesInstanceUID is None. No bueno. Generating one. THIS IS PROBABLY NOT WHAT YOU WANT!
WARNING:dicom4ortho.model:StudyInstanceUID is None. No bueno. Generating one. THIS IS PROBABLY NOT WHAT YOU WANT!
INFO:dicom4ortho.model:File [/Users/afm/src/open-ortho/dent-oip/source/images/EV16.dcm] saved.
INFO:root:Converting /Users/afm/src/open-ortho/dent-oip/source/images/EV02.png to DICOM.
WARNING:dicom4ortho.model:SeriesInstanceUID is None. No bueno. Generating one. THIS IS PROBABLY NOT WHAT YOU WANT!
WARNING:dicom4ortho.model:StudyInstanceUID is None. No bueno. Generating one. THIS IS PROBABLY NOT WHAT YOU WANT!
INFO:dicom4ortho.model:File [/Users/afm/src/open-ortho/dent-oip/source/images/EV02.dcm] saved.
INFO:root:Converting /Users/afm/src/open-ortho/dent-oip/source/images/EV31.dcm to CSV.
INFO:root:Creating CSV File from /Users/afm/src/open-ortho/dent-oip/source/images/EV31.dcm
INFO:root:Converting /Users/afm/src/open-ortho/dent-oip/source/images/EV25.dcm to CSV.
INFO:root:Creating CSV File from /Users/afm/src/open-ortho/dent-oip/source/images/EV25.dcm
INFO:root:Converting /Users/afm/src/open-ortho/dent-oip/source/images/EV19.dcm to CSV.
INFO:root:Creating CSV File from /Users/afm/src/open-ortho/dent-oip/source/images/EV19.dcm
INFO:root:Converting /Users/afm/src/open-ortho/dent-oip/source/images/IV19.dcm to CSV.
INFO:root:Creating CSV File from /Users/afm/src/open-ortho/dent-oip/source/images/IV19.dcm
INFO:root:Converting /Users/afm/src/open-ortho/dent-oip/source/images/IV25.dcm to CSV.
INFO:root:Creating CSV File from /Users/afm/src/open-ortho/dent-oip/source/images/IV25.dcm
INFO:root:Converting /Users/afm/src/open-ortho/dent-oip/source/images/IV30.dcm to CSV.
INFO:root:Creating CSV File from /Users/afm/src/open-ortho/dent-oip/source/images/IV30.dcm
INFO:root:Converting /Users/afm/src/open-ortho/dent-oip/source/images/IV24.dcm to CSV.
INFO:root:Creating CSV File from /Users/afm/src/open-ortho/dent-oip/source/images/IV24.dcm
INFO:root:Converting /Users/afm/src/open-ortho/dent-oip/source/images/IV18.dcm to CSV.
INFO:root:Creating CSV File from /Users/afm/src/open-ortho/dent-oip/source/images/IV18.dcm
INFO:root:Converting /Users/afm/src/open-ortho/dent-oip/source/images/EV18.dcm to CSV.
INFO:root:Creating CSV File from /Users/afm/src/open-ortho/dent-oip/source/images/EV18.dcm
INFO:root:Converting /Users/afm/src/open-ortho/dent-oip/source/images/EV24.dcm to CSV.
INFO:root:Creating CSV File from /Users/afm/src/open-ortho/dent-oip/source/images/EV24.dcm
INFO:root:Converting /Users/afm/src/open-ortho/dent-oip/source/images/EV30.dcm to CSV.
INFO:root:Creating CSV File from /Users/afm/src/open-ortho/dent-oip/source/images/EV30.dcm
INFO:root:Converting /Users/afm/src/open-ortho/dent-oip/source/images/EV26.dcm to CSV.
INFO:root:Creating CSV File from /Users/afm/src/open-ortho/dent-oip/source/images/EV26.dcm
INFO:root:Converting /Users/afm/src/open-ortho/dent-oip/source/images/EV32.dcm to CSV.
INFO:root:Creating CSV File from /Users/afm/src/open-ortho/dent-oip/source/images/EV32.dcm
INFO:root:Converting /Users/afm/src/open-ortho/dent-oip/source/images/IV26.dcm to CSV.
INFO:root:Creating CSV File from /Users/afm/src/open-ortho/dent-oip/source/images/IV26.dcm
INFO:root:Converting /Users/afm/src/open-ortho/dent-oip/source/images/IV27.dcm to CSV.
INFO:root:Creating CSV File from /Users/afm/src/open-ortho/dent-oip/source/images/IV27.dcm
INFO:root:Converting /Users/afm/src/open-ortho/dent-oip/source/images/EV33.dcm to CSV.
INFO:root:Creating CSV File from /Users/afm/src/open-ortho/dent-oip/source/images/EV33.dcm
INFO:root:Converting /Users/afm/src/open-ortho/dent-oip/source/images/EV27.dcm to CSV.
INFO:root:Creating CSV File from /Users/afm/src/open-ortho/dent-oip/source/images/EV27.dcm
INFO:root:Converting /Users/afm/src/open-ortho/dent-oip/source/images/EV23.dcm to CSV.
INFO:root:Creating CSV File from /Users/afm/src/open-ortho/dent-oip/source/images/EV23.dcm
INFO:root:Converting /Users/afm/src/open-ortho/dent-oip/source/images/EV37.dcm to CSV.
INFO:root:Creating CSV File from /Users/afm/src/open-ortho/dent-oip/source/images/EV37.dcm
INFO:root:Converting /Users/afm/src/open-ortho/dent-oip/source/images/IV23.dcm to CSV.
INFO:root:Creating CSV File from /Users/afm/src/open-ortho/dent-oip/source/images/IV23.dcm
INFO:root:Converting /Users/afm/src/open-ortho/dent-oip/source/images/IV22.dcm to CSV.
INFO:root:Creating CSV File from /Users/afm/src/open-ortho/dent-oip/source/images/IV22.dcm
INFO:root:Converting /Users/afm/src/open-ortho/dent-oip/source/images/EV36.dcm to CSV.
INFO:root:Creating CSV File from /Users/afm/src/open-ortho/dent-oip/source/images/EV36.dcm
INFO:root:Converting /Users/afm/src/open-ortho/dent-oip/source/images/EV22.dcm to CSV.
INFO:root:Creating CSV File from /Users/afm/src/open-ortho/dent-oip/source/images/EV22.dcm
INFO:root:Converting /Users/afm/src/open-ortho/dent-oip/source/images/EV08.dcm to CSV.
INFO:root:Creating CSV File from /Users/afm/src/open-ortho/dent-oip/source/images/EV08.dcm
INFO:root:Converting /Users/afm/src/open-ortho/dent-oip/source/images/EV34.dcm to CSV.
INFO:root:Creating CSV File from /Users/afm/src/open-ortho/dent-oip/source/images/EV34.dcm
INFO:root:Converting /Users/afm/src/open-ortho/dent-oip/source/images/EV20.dcm to CSV.
INFO:root:Creating CSV File from /Users/afm/src/open-ortho/dent-oip/source/images/EV20.dcm
INFO:root:Converting /Users/afm/src/open-ortho/dent-oip/source/images/IV20.dcm to CSV.
INFO:root:Creating CSV File from /Users/afm/src/open-ortho/dent-oip/source/images/IV20.dcm
INFO:root:Converting /Users/afm/src/open-ortho/dent-oip/source/images/IV08.dcm to CSV.
INFO:root:Creating CSV File from /Users/afm/src/open-ortho/dent-oip/source/images/IV08.dcm
INFO:root:Converting /Users/afm/src/open-ortho/dent-oip/source/images/IV09.dcm to CSV.
INFO:root:Creating CSV File from /Users/afm/src/open-ortho/dent-oip/source/images/IV09.dcm
INFO:root:Converting /Users/afm/src/open-ortho/dent-oip/source/images/IV21.dcm to CSV.
INFO:root:Creating CSV File from /Users/afm/src/open-ortho/dent-oip/source/images/IV21.dcm
INFO:root:Converting /Users/afm/src/open-ortho/dent-oip/source/images/EV21.dcm to CSV.
INFO:root:Creating CSV File from /Users/afm/src/open-ortho/dent-oip/source/images/EV21.dcm
INFO:root:Converting /Users/afm/src/open-ortho/dent-oip/source/images/EV35.dcm to CSV.
INFO:root:Creating CSV File from /Users/afm/src/open-ortho/dent-oip/source/images/EV35.dcm
INFO:root:Converting /Users/afm/src/open-ortho/dent-oip/source/images/EV09.dcm to CSV.
INFO:root:Creating CSV File from /Users/afm/src/open-ortho/dent-oip/source/images/EV09.dcm
INFO:root:Converting /Users/afm/src/open-ortho/dent-oip/source/images/EV40.dcm to CSV.
INFO:root:Creating CSV File from /Users/afm/src/open-ortho/dent-oip/source/images/EV40.dcm
INFO:root:Converting /Users/afm/src/open-ortho/dent-oip/source/images/EV41.dcm to CSV.
INFO:root:Creating CSV File from /Users/afm/src/open-ortho/dent-oip/source/images/EV41.dcm
INFO:root:Converting /Users/afm/src/open-ortho/dent-oip/source/images/EV43.dcm to CSV.
INFO:root:Creating CSV File from /Users/afm/src/open-ortho/dent-oip/source/images/EV43.dcm
INFO:root:Converting /Users/afm/src/open-ortho/dent-oip/source/images/EV42.dcm to CSV.
INFO:root:Creating CSV File from /Users/afm/src/open-ortho/dent-oip/source/images/EV42.dcm
INFO:root:Converting /Users/afm/src/open-ortho/dent-oip/source/images/EV10.dcm to CSV.
INFO:root:Creating CSV File from /Users/afm/src/open-ortho/dent-oip/source/images/EV10.dcm
INFO:root:Converting /Users/afm/src/open-ortho/dent-oip/source/images/EV04.dcm to CSV.
INFO:root:Creating CSV File from /Users/afm/src/open-ortho/dent-oip/source/images/EV04.dcm
INFO:root:Converting /Users/afm/src/open-ortho/dent-oip/source/images/EV38.dcm to CSV.
INFO:root:Creating CSV File from /Users/afm/src/open-ortho/dent-oip/source/images/EV38.dcm
INFO:root:Converting /Users/afm/src/open-ortho/dent-oip/source/images/IV04.dcm to CSV.
INFO:root:Creating CSV File from /Users/afm/src/open-ortho/dent-oip/source/images/IV04.dcm
INFO:root:Converting /Users/afm/src/open-ortho/dent-oip/source/images/IV10.dcm to CSV.
INFO:root:Creating CSV File from /Users/afm/src/open-ortho/dent-oip/source/images/IV10.dcm
INFO:root:Converting /Users/afm/src/open-ortho/dent-oip/source/images/IV11.dcm to CSV.
INFO:root:Creating CSV File from /Users/afm/src/open-ortho/dent-oip/source/images/IV11.dcm
INFO:root:Converting /Users/afm/src/open-ortho/dent-oip/source/images/IV05.dcm to CSV.
INFO:root:Creating CSV File from /Users/afm/src/open-ortho/dent-oip/source/images/IV05.dcm
INFO:root:Converting /Users/afm/src/open-ortho/dent-oip/source/images/EV39.dcm to CSV.
INFO:root:Creating CSV File from /Users/afm/src/open-ortho/dent-oip/source/images/EV39.dcm
INFO:root:Converting /Users/afm/src/open-ortho/dent-oip/source/images/EV05.dcm to CSV.
INFO:root:Creating CSV File from /Users/afm/src/open-ortho/dent-oip/source/images/EV05.dcm
INFO:root:Converting /Users/afm/src/open-ortho/dent-oip/source/images/EV11.dcm to CSV.
INFO:root:Creating CSV File from /Users/afm/src/open-ortho/dent-oip/source/images/EV11.dcm
INFO:root:Converting /Users/afm/src/open-ortho/dent-oip/source/images/EV07.dcm to CSV.
INFO:root:Creating CSV File from /Users/afm/src/open-ortho/dent-oip/source/images/EV07.dcm
INFO:root:Converting /Users/afm/src/open-ortho/dent-oip/source/images/EV13.dcm to CSV.
INFO:root:Creating CSV File from /Users/afm/src/open-ortho/dent-oip/source/images/EV13.dcm
INFO:root:Converting /Users/afm/src/open-ortho/dent-oip/source/images/IV13.dcm to CSV.
INFO:root:Creating CSV File from /Users/afm/src/open-ortho/dent-oip/source/images/IV13.dcm
INFO:root:Converting /Users/afm/src/open-ortho/dent-oip/source/images/IV07.dcm to CSV.
INFO:root:Creating CSV File from /Users/afm/src/open-ortho/dent-oip/source/images/IV07.dcm
INFO:root:Converting /Users/afm/src/open-ortho/dent-oip/source/images/IV06.dcm to CSV.
INFO:root:Creating CSV File from /Users/afm/src/open-ortho/dent-oip/source/images/IV06.dcm
INFO:root:Converting /Users/afm/src/open-ortho/dent-oip/source/images/IV12.dcm to CSV.
INFO:root:Creating CSV File from /Users/afm/src/open-ortho/dent-oip/source/images/IV12.dcm
INFO:root:Converting /Users/afm/src/open-ortho/dent-oip/source/images/EV12.dcm to CSV.
INFO:root:Creating CSV File from /Users/afm/src/open-ortho/dent-oip/source/images/EV12.dcm
INFO:root:Converting /Users/afm/src/open-ortho/dent-oip/source/images/EV06.dcm to CSV.
INFO:root:Creating CSV File from /Users/afm/src/open-ortho/dent-oip/source/images/EV06.dcm
INFO:root:Converting /Users/afm/src/open-ortho/dent-oip/source/images/EV02.dcm to CSV.
INFO:root:Creating CSV File from /Users/afm/src/open-ortho/dent-oip/source/images/EV02.dcm
INFO:root:Converting /Users/afm/src/open-ortho/dent-oip/source/images/EV16.dcm to CSV.
INFO:root:Creating CSV File from /Users/afm/src/open-ortho/dent-oip/source/images/EV16.dcm
INFO:root:Converting /Users/afm/src/open-ortho/dent-oip/source/images/IV16.dcm to CSV.
INFO:root:Creating CSV File from /Users/afm/src/open-ortho/dent-oip/source/images/IV16.dcm
INFO:root:Converting /Users/afm/src/open-ortho/dent-oip/source/images/IV02.dcm to CSV.
INFO:root:Creating CSV File from /Users/afm/src/open-ortho/dent-oip/source/images/IV02.dcm
INFO:root:Converting /Users/afm/src/open-ortho/dent-oip/source/images/IV03.dcm to CSV.
INFO:root:Creating CSV File from /Users/afm/src/open-ortho/dent-oip/source/images/IV03.dcm
INFO:root:Converting /Users/afm/src/open-ortho/dent-oip/source/images/IV17.dcm to CSV.
INFO:root:Creating CSV File from /Users/afm/src/open-ortho/dent-oip/source/images/IV17.dcm
INFO:root:Converting /Users/afm/src/open-ortho/dent-oip/source/images/EV17.dcm to CSV.
INFO:root:Creating CSV File from /Users/afm/src/open-ortho/dent-oip/source/images/EV17.dcm
INFO:root:Converting /Users/afm/src/open-ortho/dent-oip/source/images/EV03.dcm to CSV.
INFO:root:Creating CSV File from /Users/afm/src/open-ortho/dent-oip/source/images/EV03.dcm
INFO:root:Converting /Users/afm/src/open-ortho/dent-oip/source/images/EV29.dcm to CSV.
INFO:root:Creating CSV File from /Users/afm/src/open-ortho/dent-oip/source/images/EV29.dcm
INFO:root:Converting /Users/afm/src/open-ortho/dent-oip/source/images/EV15.dcm to CSV.
INFO:root:Creating CSV File from /Users/afm/src/open-ortho/dent-oip/source/images/EV15.dcm
INFO:root:Converting /Users/afm/src/open-ortho/dent-oip/source/images/EV01.dcm to CSV.
INFO:root:Creating CSV File from /Users/afm/src/open-ortho/dent-oip/source/images/EV01.dcm
INFO:root:Converting /Users/afm/src/open-ortho/dent-oip/source/images/IV01.dcm to CSV.
INFO:root:Creating CSV File from /Users/afm/src/open-ortho/dent-oip/source/images/IV01.dcm
INFO:root:Converting /Users/afm/src/open-ortho/dent-oip/source/images/IV15.dcm to CSV.
INFO:root:Creating CSV File from /Users/afm/src/open-ortho/dent-oip/source/images/IV15.dcm
INFO:root:Converting /Users/afm/src/open-ortho/dent-oip/source/images/IV29.dcm to CSV.
INFO:root:Creating CSV File from /Users/afm/src/open-ortho/dent-oip/source/images/IV29.dcm
INFO:root:Converting /Users/afm/src/open-ortho/dent-oip/source/images/IV28.dcm to CSV.
INFO:root:Creating CSV File from /Users/afm/src/open-ortho/dent-oip/source/images/IV28.dcm
INFO:root:Converting /Users/afm/src/open-ortho/dent-oip/source/images/IV14.dcm to CSV.
INFO:root:Creating CSV File from /Users/afm/src/open-ortho/dent-oip/source/images/IV14.dcm
INFO:root:Converting /Users/afm/src/open-ortho/dent-oip/source/images/EV14.dcm to CSV.
INFO:root:Creating CSV File from /Users/afm/src/open-ortho/dent-oip/source/images/EV14.dcm
INFO:root:Converting /Users/afm/src/open-ortho/dent-oip/source/images/EV28.dcm to CSV.
INFO:root:Creating CSV File from /Users/afm/src/open-ortho/dent-oip/source/images/EV28.dcm
INFO:root:Creating RST page for /Users/afm/src/open-ortho/dent-oip/source/images/EV31.dcm.
INFO:root:Creating RST page for /Users/afm/src/open-ortho/dent-oip/source/images/EV25.dcm.
INFO:root:Creating RST page for /Users/afm/src/open-ortho/dent-oip/source/images/EV19.dcm.
INFO:root:Creating RST page for /Users/afm/src/open-ortho/dent-oip/source/images/IV19.dcm.
INFO:root:Creating RST page for /Users/afm/src/open-ortho/dent-oip/source/images/IV25.dcm.
INFO:root:Creating RST page for /Users/afm/src/open-ortho/dent-oip/source/images/IV30.dcm.
INFO:root:Creating RST page for /Users/afm/src/open-ortho/dent-oip/source/images/IV24.dcm.
INFO:root:Creating RST page for /Users/afm/src/open-ortho/dent-oip/source/images/IV18.dcm.
INFO:root:Creating RST page for /Users/afm/src/open-ortho/dent-oip/source/images/EV18.dcm.
INFO:root:Creating RST page for /Users/afm/src/open-ortho/dent-oip/source/images/EV24.dcm.
INFO:root:Creating RST page for /Users/afm/src/open-ortho/dent-oip/source/images/EV30.dcm.
INFO:root:Creating RST page for /Users/afm/src/open-ortho/dent-oip/source/images/EV26.dcm.
INFO:root:Creating RST page for /Users/afm/src/open-ortho/dent-oip/source/images/EV32.dcm.
INFO:root:Creating RST page for /Users/afm/src/open-ortho/dent-oip/source/images/IV26.dcm.
INFO:root:Creating RST page for /Users/afm/src/open-ortho/dent-oip/source/images/IV27.dcm.
INFO:root:Creating RST page for /Users/afm/src/open-ortho/dent-oip/source/images/EV33.dcm.
INFO:root:Creating RST page for /Users/afm/src/open-ortho/dent-oip/source/images/EV27.dcm.
INFO:root:Creating RST page for /Users/afm/src/open-ortho/dent-oip/source/images/EV23.dcm.
INFO:root:Creating RST page for /Users/afm/src/open-ortho/dent-oip/source/images/EV37.dcm.
INFO:root:Creating RST page for /Users/afm/src/open-ortho/dent-oip/source/images/IV23.dcm.
INFO:root:Creating RST page for /Users/afm/src/open-ortho/dent-oip/source/images/IV22.dcm.
INFO:root:Creating RST page for /Users/afm/src/open-ortho/dent-oip/source/images/EV36.dcm.
INFO:root:Creating RST page for /Users/afm/src/open-ortho/dent-oip/source/images/EV22.dcm.
INFO:root:Creating RST page for /Users/afm/src/open-ortho/dent-oip/source/images/EV08.dcm.
INFO:root:Creating RST page for /Users/afm/src/open-ortho/dent-oip/source/images/EV34.dcm.
INFO:root:Creating RST page for /Users/afm/src/open-ortho/dent-oip/source/images/EV20.dcm.
INFO:root:Creating RST page for /Users/afm/src/open-ortho/dent-oip/source/images/IV20.dcm.
INFO:root:Creating RST page for /Users/afm/src/open-ortho/dent-oip/source/images/IV08.dcm.
INFO:root:Creating RST page for /Users/afm/src/open-ortho/dent-oip/source/images/IV09.dcm.
INFO:root:Creating RST page for /Users/afm/src/open-ortho/dent-oip/source/images/IV21.dcm.
INFO:root:Creating RST page for /Users/afm/src/open-ortho/dent-oip/source/images/EV21.dcm.
INFO:root:Creating RST page for /Users/afm/src/open-ortho/dent-oip/source/images/EV35.dcm.
INFO:root:Creating RST page for /Users/afm/src/open-ortho/dent-oip/source/images/EV09.dcm.
INFO:root:Creating RST page for /Users/afm/src/open-ortho/dent-oip/source/images/EV40.dcm.
INFO:root:Creating RST page for /Users/afm/src/open-ortho/dent-oip/source/images/EV41.dcm.
INFO:root:Creating RST page for /Users/afm/src/open-ortho/dent-oip/source/images/EV43.dcm.
INFO:root:Creating RST page for /Users/afm/src/open-ortho/dent-oip/source/images/EV42.dcm.
INFO:root:Creating RST page for /Users/afm/src/open-ortho/dent-oip/source/images/EV10.dcm.
INFO:root:Creating RST page for /Users/afm/src/open-ortho/dent-oip/source/images/EV04.dcm.
INFO:root:Creating RST page for /Users/afm/src/open-ortho/dent-oip/source/images/EV38.dcm.
INFO:root:Creating RST page for /Users/afm/src/open-ortho/dent-oip/source/images/IV04.dcm.
INFO:root:Creating RST page for /Users/afm/src/open-ortho/dent-oip/source/images/IV10.dcm.
INFO:root:Creating RST page for /Users/afm/src/open-ortho/dent-oip/source/images/IV11.dcm.
INFO:root:Creating RST page for /Users/afm/src/open-ortho/dent-oip/source/images/IV05.dcm.
INFO:root:Creating RST page for /Users/afm/src/open-ortho/dent-oip/source/images/EV39.dcm.
INFO:root:Creating RST page for /Users/afm/src/open-ortho/dent-oip/source/images/EV05.dcm.
INFO:root:Creating RST page for /Users/afm/src/open-ortho/dent-oip/source/images/EV11.dcm.
INFO:root:Creating RST page for /Users/afm/src/open-ortho/dent-oip/source/images/EV07.dcm.
INFO:root:Creating RST page for /Users/afm/src/open-ortho/dent-oip/source/images/EV13.dcm.
INFO:root:Creating RST page for /Users/afm/src/open-ortho/dent-oip/source/images/IV13.dcm.
INFO:root:Creating RST page for /Users/afm/src/open-ortho/dent-oip/source/images/IV07.dcm.
INFO:root:Creating RST page for /Users/afm/src/open-ortho/dent-oip/source/images/IV06.dcm.
INFO:root:Creating RST page for /Users/afm/src/open-ortho/dent-oip/source/images/IV12.dcm.
INFO:root:Creating RST page for /Users/afm/src/open-ortho/dent-oip/source/images/EV12.dcm.
INFO:root:Creating RST page for /Users/afm/src/open-ortho/dent-oip/source/images/EV06.dcm.
INFO:root:Creating RST page for /Users/afm/src/open-ortho/dent-oip/source/images/EV02.dcm.
INFO:root:Creating RST page for /Users/afm/src/open-ortho/dent-oip/source/images/EV16.dcm.
INFO:root:Creating RST page for /Users/afm/src/open-ortho/dent-oip/source/images/IV16.dcm.
INFO:root:Creating RST page for /Users/afm/src/open-ortho/dent-oip/source/images/IV02.dcm.
INFO:root:Creating RST page for /Users/afm/src/open-ortho/dent-oip/source/images/IV03.dcm.
INFO:root:Creating RST page for /Users/afm/src/open-ortho/dent-oip/source/images/IV17.dcm.
INFO:root:Creating RST page for /Users/afm/src/open-ortho/dent-oip/source/images/EV17.dcm.
INFO:root:Creating RST page for /Users/afm/src/open-ortho/dent-oip/source/images/EV03.dcm.
INFO:root:Creating RST page for /Users/afm/src/open-ortho/dent-oip/source/images/EV29.dcm.
INFO:root:Creating RST page for /Users/afm/src/open-ortho/dent-oip/source/images/EV15.dcm.
INFO:root:Creating RST page for /Users/afm/src/open-ortho/dent-oip/source/images/EV01.dcm.
INFO:root:Creating RST page for /Users/afm/src/open-ortho/dent-oip/source/images/IV01.dcm.
INFO:root:Creating RST page for /Users/afm/src/open-ortho/dent-oip/source/images/IV15.dcm.
INFO:root:Creating RST page for /Users/afm/src/open-ortho/dent-oip/source/images/IV29.dcm.
INFO:root:Creating RST page for /Users/afm/src/open-ortho/dent-oip/source/images/IV28.dcm.
INFO:root:Creating RST page for /Users/afm/src/open-ortho/dent-oip/source/images/IV14.dcm.
INFO:root:Creating RST page for /Users/afm/src/open-ortho/dent-oip/source/images/EV14.dcm.
INFO:root:Creating RST page for /Users/afm/src/open-ortho/dent-oip/source/images/EV28.dcm.
[91m/Users/afm/src/open-ortho/dent-oip/source/V3_07_DICOM/Modality_Worklist_SOP_Class/01_Scheduled_Procedure_Step/0040_0100_ScheduledProcedureStepSequence.rst:29: WARNING: duplicate label cid-bbbb, other instance in /Users/afm/src/open-ortho/dent-oip/source/V3_07_DICOM/04_Module_Definitions/170_VL_Image/0054_0220_ViewCodeSequence.rst[39;49;00m
/Users/afm/src/open-ortho/dent-oip/source/V3_07_DICOM/Modality_Worklist_SOP_Class/02_Requested_Procedure/0032_1064_RequestedProcedureCodeSequence.rst:13: CRITICAL: Problems with "csv-table" directive path:
[Errno 2] No such file or directory: 'source/V3_07_DICOM/tables/generated/extraoral-2d-photographic-scheduled-protocol.csv'.

.. csv-table:: Extraoral 2D Photographic Scheduled Protocol
    :header-rows: 1
    :file: ../../tables/generated/extraoral-2d-photographic-scheduled-protocol.csv [docutils]
/Users/afm/src/open-ortho/dent-oip/source/V3_07_DICOM/Modality_Worklist_SOP_Class/02_Requested_Procedure/0032_1064_RequestedProcedureCodeSequence.rst:18: CRITICAL: Problems with "csv-table" directive path:
[Errno 2] No such file or directory: 'source/V3_07_DICOM/tables/generated/intraoral-2d-photographic-scheduled-protocol.csv'.

.. csv-table:: Intraoral 2D Photographic Scheduled Protocol
    :header-rows: 1
    :file: ../../tables/generated/intraoral-2d-photographic-scheduled-protocol.csv [docutils]
/Users/afm/src/open-ortho/dent-oip/source/V3_07_DICOM/Modality_Worklist_SOP_Class/02_Requested_Procedure/0032_1064_RequestedProcedureCodeSequence.rst:23: CRITICAL: Problems with "csv-table" directive path:
[Errno 2] No such file or directory: 'source/V3_07_DICOM/tables/generated/extraoral-3d-visible-light-scheduled-protocol.csv'.

.. csv-table:: Extraoral 3D Visible Light Scheduled Protocol
    :header-rows: 1
    :file: ../../tables/generated/extraoral-3d-visible-light-scheduled-protocol.csv [docutils]
/Users/afm/src/open-ortho/dent-oip/source/V3_07_DICOM/Modality_Worklist_SOP_Class/02_Requested_Procedure/0032_1064_RequestedProcedureCodeSequence.rst:28: CRITICAL: Problems with "csv-table" directive path:
[Errno 2] No such file or directory: 'source/V3_07_DICOM/tables/generated/intraoral-3d-visible-light-scheduled-protocol.csv'.

.. csv-table:: Intraoral 3D Visible Light Scheduled Protocol
    :header-rows: 1
    :file: ../../tables/generated/intraoral-3d-visible-light-scheduled-protocol.csv [docutils]
[91m/Users/afm/src/open-ortho/dent-oip/source/V3_07_DICOM/Modality_Worklist_SOP_Class/03_Imaging_Service_Request/0008_0050_accession_number.rst:4: WARNING: duplicate label accession_number, other instance in /Users/afm/src/open-ortho/dent-oip/source/V3_07_DICOM/04_Module_Definitions/030_General_Study/0008_0050_accession_number.rst[39;49;00m
[91m/Users/afm/src/open-ortho/dent-oip/source/V3_07_DICOM/Modality_Worklist_SOP_Class/04_Visit_Identification/index.rst:6: WARNING: toctree glob pattern '*' didn't match any documents[39;49;00m
[91m/Users/afm/src/open-ortho/dent-oip/source/V3_07_DICOM/Modality_Worklist_SOP_Class/05_Visit_Status/index.rst:6: WARNING: toctree glob pattern '*' didn't match any documents[39;49;00m
[91m/Users/afm/src/open-ortho/dent-oip/source/V3_07_DICOM/Modality_Worklist_SOP_Class/06_Visit_Relationship/index.rst:6: WARNING: toctree glob pattern '*' didn't match any documents[39;49;00m
[91m/Users/afm/src/open-ortho/dent-oip/source/V3_07_DICOM/Modality_Worklist_SOP_Class/07_Patient_Identification/index.rst:6: WARNING: toctree glob pattern '*' didn't match any documents[39;49;00m
[91m/Users/afm/src/open-ortho/dent-oip/source/V3_07_DICOM/Modality_Worklist_SOP_Class/08_Patient_Demographic/index.rst:6: WARNING: toctree glob pattern '*' didn't match any documents[39;49;00m
[91m/Users/afm/src/open-ortho/dent-oip/source/V3_07_DICOM/Modality_Worklist_SOP_Class/09_Patient_Medical/index.rst:6: WARNING: toctree glob pattern '*' didn't match any documents[39;49;00m
/Users/afm/src/open-ortho/dent-oip/source/V3_Appendix/A_ViewExamples/generated/EV01.rst:18: CRITICAL: Problems with "csv-table" directive path:
[Errno 2] No such file or directory: 'source/V3_Appendix/tables/generated/EV01.csv'.

.. csv-table:: EV01
   :file: ../../tables/generated/EV01.csv
   :widths: 40, 10, 10
   :header-rows: 1 [docutils]
[91m/Users/afm/src/open-ortho/dent-oip/source/V3_Appendix/A_ViewExamples/generated/EV01.rst:6: WARNING: image file not readable: V3_Appendix/images/EV01.png [image.not_readable][39;49;00m
/Users/afm/src/open-ortho/dent-oip/source/V3_Appendix/A_ViewExamples/generated/EV02.rst:18: CRITICAL: Problems with "csv-table" directive path:
[Errno 2] No such file or directory: 'source/V3_Appendix/tables/generated/EV02.csv'.

.. csv-table:: EV02
   :file: ../../tables/generated/EV02.csv
   :widths: 40, 10, 10
   :header-rows: 1 [docutils]
[91m/Users/afm/src/open-ortho/dent-oip/source/V3_Appendix/A_ViewExamples/generated/EV02.rst:6: WARNING: image file not readable: V3_Appendix/images/EV02.png [image.not_readable][39;49;00m
/Users/afm/src/open-ortho/dent-oip/source/V3_Appendix/A_ViewExamples/generated/EV03.rst:18: CRITICAL: Problems with "csv-table" directive path:
[Errno 2] No such file or directory: 'source/V3_Appendix/tables/generated/EV03.csv'.

.. csv-table:: EV03
   :file: ../../tables/generated/EV03.csv
   :widths: 40, 10, 10
   :header-rows: 1 [docutils]
[91m/Users/afm/src/open-ortho/dent-oip/source/V3_Appendix/A_ViewExamples/generated/EV03.rst:6: WARNING: image file not readable: V3_Appendix/images/EV03.png [image.not_readable][39;49;00m
/Users/afm/src/open-ortho/dent-oip/source/V3_Appendix/A_ViewExamples/generated/EV04.rst:18: CRITICAL: Problems with "csv-table" directive path:
[Errno 2] No such file or directory: 'source/V3_Appendix/tables/generated/EV04.csv'.

.. csv-table:: EV04
   :file: ../../tables/generated/EV04.csv
   :widths: 40, 10, 10
   :header-rows: 1 [docutils]
[91m/Users/afm/src/open-ortho/dent-oip/source/V3_Appendix/A_ViewExamples/generated/EV04.rst:6: WARNING: image file not readable: V3_Appendix/images/EV04.png [image.not_readable][39;49;00m
/Users/afm/src/open-ortho/dent-oip/source/V3_Appendix/A_ViewExamples/generated/EV05.rst:18: CRITICAL: Problems with "csv-table" directive path:
[Errno 2] No such file or directory: 'source/V3_Appendix/tables/generated/EV05.csv'.

.. csv-table:: EV05
   :file: ../../tables/generated/EV05.csv
   :widths: 40, 10, 10
   :header-rows: 1 [docutils]
[91m/Users/afm/src/open-ortho/dent-oip/source/V3_Appendix/A_ViewExamples/generated/EV05.rst:6: WARNING: image file not readable: V3_Appendix/images/EV05.png [image.not_readable][39;49;00m
/Users/afm/src/open-ortho/dent-oip/source/V3_Appendix/A_ViewExamples/generated/EV06.rst:18: CRITICAL: Problems with "csv-table" directive path:
[Errno 2] No such file or directory: 'source/V3_Appendix/tables/generated/EV06.csv'.

.. csv-table:: EV06
   :file: ../../tables/generated/EV06.csv
   :widths: 40, 10, 10
   :header-rows: 1 [docutils]
[91m/Users/afm/src/open-ortho/dent-oip/source/V3_Appendix/A_ViewExamples/generated/EV06.rst:6: WARNING: image file not readable: V3_Appendix/images/EV06.png [image.not_readable][39;49;00m
/Users/afm/src/open-ortho/dent-oip/source/V3_Appendix/A_ViewExamples/generated/EV07.rst:18: CRITICAL: Problems with "csv-table" directive path:
[Errno 2] No such file or directory: 'source/V3_Appendix/tables/generated/EV07.csv'.

.. csv-table:: EV07
   :file: ../../tables/generated/EV07.csv
   :widths: 40, 10, 10
   :header-rows: 1 [docutils]
[91m/Users/afm/src/open-ortho/dent-oip/source/V3_Appendix/A_ViewExamples/generated/EV07.rst:6: WARNING: image file not readable: V3_Appendix/images/EV07.png [image.not_readable][39;49;00m
/Users/afm/src/open-ortho/dent-oip/source/V3_Appendix/A_ViewExamples/generated/EV08.rst:18: CRITICAL: Problems with "csv-table" directive path:
[Errno 2] No such file or directory: 'source/V3_Appendix/tables/generated/EV08.csv'.

.. csv-table:: EV08
   :file: ../../tables/generated/EV08.csv
   :widths: 40, 10, 10
   :header-rows: 1 [docutils]
[91m/Users/afm/src/open-ortho/dent-oip/source/V3_Appendix/A_ViewExamples/generated/EV08.rst:6: WARNING: image file not readable: V3_Appendix/images/EV08.png [image.not_readable][39;49;00m
/Users/afm/src/open-ortho/dent-oip/source/V3_Appendix/A_ViewExamples/generated/EV09.rst:18: CRITICAL: Problems with "csv-table" directive path:
[Errno 2] No such file or directory: 'source/V3_Appendix/tables/generated/EV09.csv'.

.. csv-table:: EV09
   :file: ../../tables/generated/EV09.csv
   :widths: 40, 10, 10
   :header-rows: 1 [docutils]
[91m/Users/afm/src/open-ortho/dent-oip/source/V3_Appendix/A_ViewExamples/generated/EV09.rst:6: WARNING: image file not readable: V3_Appendix/images/EV09.png [image.not_readable][39;49;00m
/Users/afm/src/open-ortho/dent-oip/source/V3_Appendix/A_ViewExamples/generated/EV10.rst:18: CRITICAL: Problems with "csv-table" directive path:
[Errno 2] No such file or directory: 'source/V3_Appendix/tables/generated/EV10.csv'.

.. csv-table:: EV10
   :file: ../../tables/generated/EV10.csv
   :widths: 40, 10, 10
   :header-rows: 1 [docutils]
[91m/Users/afm/src/open-ortho/dent-oip/source/V3_Appendix/A_ViewExamples/generated/EV10.rst:6: WARNING: image file not readable: V3_Appendix/images/EV10.png [image.not_readable][39;49;00m
/Users/afm/src/open-ortho/dent-oip/source/V3_Appendix/A_ViewExamples/generated/EV11.rst:18: CRITICAL: Problems with "csv-table" directive path:
[Errno 2] No such file or directory: 'source/V3_Appendix/tables/generated/EV11.csv'.

.. csv-table:: EV11
   :file: ../../tables/generated/EV11.csv
   :widths: 40, 10, 10
   :header-rows: 1 [docutils]
[91m/Users/afm/src/open-ortho/dent-oip/source/V3_Appendix/A_ViewExamples/generated/EV11.rst:6: WARNING: image file not readable: V3_Appendix/images/EV11.png [image.not_readable][39;49;00m
/Users/afm/src/open-ortho/dent-oip/source/V3_Appendix/A_ViewExamples/generated/EV12.rst:18: CRITICAL: Problems with "csv-table" directive path:
[Errno 2] No such file or directory: 'source/V3_Appendix/tables/generated/EV12.csv'.

.. csv-table:: EV12
   :file: ../../tables/generated/EV12.csv
   :widths: 40, 10, 10
   :header-rows: 1 [docutils]
[91m/Users/afm/src/open-ortho/dent-oip/source/V3_Appendix/A_ViewExamples/generated/EV12.rst:6: WARNING: image file not readable: V3_Appendix/images/EV12.png [image.not_readable][39;49;00m
/Users/afm/src/open-ortho/dent-oip/source/V3_Appendix/A_ViewExamples/generated/EV13.rst:18: CRITICAL: Problems with "csv-table" directive path:
[Errno 2] No such file or directory: 'source/V3_Appendix/tables/generated/EV13.csv'.

.. csv-table:: EV13
   :file: ../../tables/generated/EV13.csv
   :widths: 40, 10, 10
   :header-rows: 1 [docutils]
[91m/Users/afm/src/open-ortho/dent-oip/source/V3_Appendix/A_ViewExamples/generated/EV13.rst:6: WARNING: image file not readable: V3_Appendix/images/EV13.png [image.not_readable][39;49;00m
/Users/afm/src/open-ortho/dent-oip/source/V3_Appendix/A_ViewExamples/generated/EV14.rst:18: CRITICAL: Problems with "csv-table" directive path:
[Errno 2] No such file or directory: 'source/V3_Appendix/tables/generated/EV14.csv'.

.. csv-table:: EV14
   :file: ../../tables/generated/EV14.csv
   :widths: 40, 10, 10
   :header-rows: 1 [docutils]
[91m/Users/afm/src/open-ortho/dent-oip/source/V3_Appendix/A_ViewExamples/generated/EV14.rst:6: WARNING: image file not readable: V3_Appendix/images/EV14.png [image.not_readable][39;49;00m
/Users/afm/src/open-ortho/dent-oip/source/V3_Appendix/A_ViewExamples/generated/EV15.rst:18: CRITICAL: Problems with "csv-table" directive path:
[Errno 2] No such file or directory: 'source/V3_Appendix/tables/generated/EV15.csv'.

.. csv-table:: EV15
   :file: ../../tables/generated/EV15.csv
   :widths: 40, 10, 10
   :header-rows: 1 [docutils]
[91m/Users/afm/src/open-ortho/dent-oip/source/V3_Appendix/A_ViewExamples/generated/EV15.rst:6: WARNING: image file not readable: V3_Appendix/images/EV15.png [image.not_readable][39;49;00m
/Users/afm/src/open-ortho/dent-oip/source/V3_Appendix/A_ViewExamples/generated/EV16.rst:18: CRITICAL: Problems with "csv-table" directive path:
[Errno 2] No such file or directory: 'source/V3_Appendix/tables/generated/EV16.csv'.

.. csv-table:: EV16
   :file: ../../tables/generated/EV16.csv
   :widths: 40, 10, 10
   :header-rows: 1 [docutils]
[91m/Users/afm/src/open-ortho/dent-oip/source/V3_Appendix/A_ViewExamples/generated/EV16.rst:6: WARNING: image file not readable: V3_Appendix/images/EV16.png [image.not_readable][39;49;00m
/Users/afm/src/open-ortho/dent-oip/source/V3_Appendix/A_ViewExamples/generated/EV17.rst:18: CRITICAL: Problems with "csv-table" directive path:
[Errno 2] No such file or directory: 'source/V3_Appendix/tables/generated/EV17.csv'.

.. csv-table:: EV17
   :file: ../../tables/generated/EV17.csv
   :widths: 40, 10, 10
   :header-rows: 1 [docutils]
[91m/Users/afm/src/open-ortho/dent-oip/source/V3_Appendix/A_ViewExamples/generated/EV17.rst:6: WARNING: image file not readable: V3_Appendix/images/EV17.png [image.not_readable][39;49;00m
/Users/afm/src/open-ortho/dent-oip/source/V3_Appendix/A_ViewExamples/generated/EV18.rst:18: CRITICAL: Problems with "csv-table" directive path:
[Errno 2] No such file or directory: 'source/V3_Appendix/tables/generated/EV18.csv'.

.. csv-table:: EV18
   :file: ../../tables/generated/EV18.csv
   :widths: 40, 10, 10
   :header-rows: 1 [docutils]
[91m/Users/afm/src/open-ortho/dent-oip/source/V3_Appendix/A_ViewExamples/generated/EV18.rst:6: WARNING: image file not readable: V3_Appendix/images/EV18.png [image.not_readable][39;49;00m
/Users/afm/src/open-ortho/dent-oip/source/V3_Appendix/A_ViewExamples/generated/EV19.rst:18: CRITICAL: Problems with "csv-table" directive path:
[Errno 2] No such file or directory: 'source/V3_Appendix/tables/generated/EV19.csv'.

.. csv-table:: EV19
   :file: ../../tables/generated/EV19.csv
   :widths: 40, 10, 10
   :header-rows: 1 [docutils]
[91m/Users/afm/src/open-ortho/dent-oip/source/V3_Appendix/A_ViewExamples/generated/EV19.rst:6: WARNING: image file not readable: V3_Appendix/images/EV19.png [image.not_readable][39;49;00m
/Users/afm/src/open-ortho/dent-oip/source/V3_Appendix/A_ViewExamples/generated/EV20.rst:18: CRITICAL: Problems with "csv-table" directive path:
[Errno 2] No such file or directory: 'source/V3_Appendix/tables/generated/EV20.csv'.

.. csv-table:: EV20
   :file: ../../tables/generated/EV20.csv
   :widths: 40, 10, 10
   :header-rows: 1 [docutils]
[91m/Users/afm/src/open-ortho/dent-oip/source/V3_Appendix/A_ViewExamples/generated/EV20.rst:6: WARNING: image file not readable: V3_Appendix/images/EV20.png [image.not_readable][39;49;00m
/Users/afm/src/open-ortho/dent-oip/source/V3_Appendix/A_ViewExamples/generated/EV21.rst:18: CRITICAL: Problems with "csv-table" directive path:
[Errno 2] No such file or directory: 'source/V3_Appendix/tables/generated/EV21.csv'.

.. csv-table:: EV21
   :file: ../../tables/generated/EV21.csv
   :widths: 40, 10, 10
   :header-rows: 1 [docutils]
[91m/Users/afm/src/open-ortho/dent-oip/source/V3_Appendix/A_ViewExamples/generated/EV21.rst:6: WARNING: image file not readable: V3_Appendix/images/EV21.png [image.not_readable][39;49;00m
/Users/afm/src/open-ortho/dent-oip/source/V3_Appendix/A_ViewExamples/generated/EV22.rst:18: CRITICAL: Problems with "csv-table" directive path:
[Errno 2] No such file or directory: 'source/V3_Appendix/tables/generated/EV22.csv'.

.. csv-table:: EV22
   :file: ../../tables/generated/EV22.csv
   :widths: 40, 10, 10
   :header-rows: 1 [docutils]
[91m/Users/afm/src/open-ortho/dent-oip/source/V3_Appendix/A_ViewExamples/generated/EV22.rst:6: WARNING: image file not readable: V3_Appendix/images/EV22.png [image.not_readable][39;49;00m
/Users/afm/src/open-ortho/dent-oip/source/V3_Appendix/A_ViewExamples/generated/EV23.rst:18: CRITICAL: Problems with "csv-table" directive path:
[Errno 2] No such file or directory: 'source/V3_Appendix/tables/generated/EV23.csv'.

.. csv-table:: EV23
   :file: ../../tables/generated/EV23.csv
   :widths: 40, 10, 10
   :header-rows: 1 [docutils]
[91m/Users/afm/src/open-ortho/dent-oip/source/V3_Appendix/A_ViewExamples/generated/EV23.rst:6: WARNING: image file not readable: V3_Appendix/images/EV23.png [image.not_readable][39;49;00m
/Users/afm/src/open-ortho/dent-oip/source/V3_Appendix/A_ViewExamples/generated/EV24.rst:18: CRITICAL: Problems with "csv-table" directive path:
[Errno 2] No such file or directory: 'source/V3_Appendix/tables/generated/EV24.csv'.

.. csv-table:: EV24
   :file: ../../tables/generated/EV24.csv
   :widths: 40, 10, 10
   :header-rows: 1 [docutils]
[91m/Users/afm/src/open-ortho/dent-oip/source/V3_Appendix/A_ViewExamples/generated/EV24.rst:6: WARNING: image file not readable: V3_Appendix/images/EV24.png [image.not_readable][39;49;00m
/Users/afm/src/open-ortho/dent-oip/source/V3_Appendix/A_ViewExamples/generated/EV25.rst:18: CRITICAL: Problems with "csv-table" directive path:
[Errno 2] No such file or directory: 'source/V3_Appendix/tables/generated/EV25.csv'.

.. csv-table:: EV25
   :file: ../../tables/generated/EV25.csv
   :widths: 40, 10, 10
   :header-rows: 1 [docutils]
[91m/Users/afm/src/open-ortho/dent-oip/source/V3_Appendix/A_ViewExamples/generated/EV25.rst:6: WARNING: image file not readable: V3_Appendix/images/EV25.png [image.not_readable][39;49;00m
/Users/afm/src/open-ortho/dent-oip/source/V3_Appendix/A_ViewExamples/generated/EV26.rst:18: CRITICAL: Problems with "csv-table" directive path:
[Errno 2] No such file or directory: 'source/V3_Appendix/tables/generated/EV26.csv'.

.. csv-table:: EV26
   :file: ../../tables/generated/EV26.csv
   :widths: 40, 10, 10
   :header-rows: 1 [docutils]
[91m/Users/afm/src/open-ortho/dent-oip/source/V3_Appendix/A_ViewExamples/generated/EV26.rst:6: WARNING: image file not readable: V3_Appendix/images/EV26.png [image.not_readable][39;49;00m
/Users/afm/src/open-ortho/dent-oip/source/V3_Appendix/A_ViewExamples/generated/EV27.rst:18: CRITICAL: Problems with "csv-table" directive path:
[Errno 2] No such file or directory: 'source/V3_Appendix/tables/generated/EV27.csv'.

.. csv-table:: EV27
   :file: ../../tables/generated/EV27.csv
   :widths: 40, 10, 10
   :header-rows: 1 [docutils]
[91m/Users/afm/src/open-ortho/dent-oip/source/V3_Appendix/A_ViewExamples/generated/EV27.rst:6: WARNING: image file not readable: V3_Appendix/images/EV27.png [image.not_readable][39;49;00m
/Users/afm/src/open-ortho/dent-oip/source/V3_Appendix/A_ViewExamples/generated/EV28.rst:18: CRITICAL: Problems with "csv-table" directive path:
[Errno 2] No such file or directory: 'source/V3_Appendix/tables/generated/EV28.csv'.

.. csv-table:: EV28
   :file: ../../tables/generated/EV28.csv
   :widths: 40, 10, 10
   :header-rows: 1 [docutils]
[91m/Users/afm/src/open-ortho/dent-oip/source/V3_Appendix/A_ViewExamples/generated/EV28.rst:6: WARNING: image file not readable: V3_Appendix/images/EV28.png [image.not_readable][39;49;00m
/Users/afm/src/open-ortho/dent-oip/source/V3_Appendix/A_ViewExamples/generated/EV29.rst:18: CRITICAL: Problems with "csv-table" directive path:
[Errno 2] No such file or directory: 'source/V3_Appendix/tables/generated/EV29.csv'.

.. csv-table:: EV29
   :file: ../../tables/generated/EV29.csv
   :widths: 40, 10, 10
   :header-rows: 1 [docutils]
[91m/Users/afm/src/open-ortho/dent-oip/source/V3_Appendix/A_ViewExamples/generated/EV29.rst:6: WARNING: image file not readable: V3_Appendix/images/EV29.png [image.not_readable][39;49;00m
/Users/afm/src/open-ortho/dent-oip/source/V3_Appendix/A_ViewExamples/generated/EV30.rst:18: CRITICAL: Problems with "csv-table" directive path:
[Errno 2] No such file or directory: 'source/V3_Appendix/tables/generated/EV30.csv'.

.. csv-table:: EV30
   :file: ../../tables/generated/EV30.csv
   :widths: 40, 10, 10
   :header-rows: 1 [docutils]
[91m/Users/afm/src/open-ortho/dent-oip/source/V3_Appendix/A_ViewExamples/generated/EV30.rst:6: WARNING: image file not readable: V3_Appendix/images/EV30.png [image.not_readable][39;49;00m
/Users/afm/src/open-ortho/dent-oip/source/V3_Appendix/A_ViewExamples/generated/EV31.rst:18: CRITICAL: Problems with "csv-table" directive path:
[Errno 2] No such file or directory: 'source/V3_Appendix/tables/generated/EV31.csv'.

.. csv-table:: EV31
   :file: ../../tables/generated/EV31.csv
   :widths: 40, 10, 10
   :header-rows: 1 [docutils]
[91m/Users/afm/src/open-ortho/dent-oip/source/V3_Appendix/A_ViewExamples/generated/EV31.rst:6: WARNING: image file not readable: V3_Appendix/images/EV31.png [image.not_readable][39;49;00m
/Users/afm/src/open-ortho/dent-oip/source/V3_Appendix/A_ViewExamples/generated/EV32.rst:18: CRITICAL: Problems with "csv-table" directive path:
[Errno 2] No such file or directory: 'source/V3_Appendix/tables/generated/EV32.csv'.

.. csv-table:: EV32
   :file: ../../tables/generated/EV32.csv
   :widths: 40, 10, 10
   :header-rows: 1 [docutils]
[91m/Users/afm/src/open-ortho/dent-oip/source/V3_Appendix/A_ViewExamples/generated/EV32.rst:6: WARNING: image file not readable: V3_Appendix/images/EV32.png [image.not_readable][39;49;00m
/Users/afm/src/open-ortho/dent-oip/source/V3_Appendix/A_ViewExamples/generated/EV33.rst:18: CRITICAL: Problems with "csv-table" directive path:
[Errno 2] No such file or directory: 'source/V3_Appendix/tables/generated/EV33.csv'.

.. csv-table:: EV33
   :file: ../../tables/generated/EV33.csv
   :widths: 40, 10, 10
   :header-rows: 1 [docutils]
[91m/Users/afm/src/open-ortho/dent-oip/source/V3_Appendix/A_ViewExamples/generated/EV33.rst:6: WARNING: image file not readable: V3_Appendix/images/EV33.png [image.not_readable][39;49;00m
/Users/afm/src/open-ortho/dent-oip/source/V3_Appendix/A_ViewExamples/generated/EV34.rst:18: CRITICAL: Problems with "csv-table" directive path:
[Errno 2] No such file or directory: 'source/V3_Appendix/tables/generated/EV34.csv'.

.. csv-table:: EV34
   :file: ../../tables/generated/EV34.csv
   :widths: 40, 10, 10
   :header-rows: 1 [docutils]
[91m/Users/afm/src/open-ortho/dent-oip/source/V3_Appendix/A_ViewExamples/generated/EV34.rst:6: WARNING: image file not readable: V3_Appendix/images/EV34.png [image.not_readable][39;49;00m
/Users/afm/src/open-ortho/dent-oip/source/V3_Appendix/A_ViewExamples/generated/EV35.rst:18: CRITICAL: Problems with "csv-table" directive path:
[Errno 2] No such file or directory: 'source/V3_Appendix/tables/generated/EV35.csv'.

.. csv-table:: EV35
   :file: ../../tables/generated/EV35.csv
   :widths: 40, 10, 10
   :header-rows: 1 [docutils]
[91m/Users/afm/src/open-ortho/dent-oip/source/V3_Appendix/A_ViewExamples/generated/EV35.rst:6: WARNING: image file not readable: V3_Appendix/images/EV35.png [image.not_readable][39;49;00m
/Users/afm/src/open-ortho/dent-oip/source/V3_Appendix/A_ViewExamples/generated/EV36.rst:18: CRITICAL: Problems with "csv-table" directive path:
[Errno 2] No such file or directory: 'source/V3_Appendix/tables/generated/EV36.csv'.

.. csv-table:: EV36
   :file: ../../tables/generated/EV36.csv
   :widths: 40, 10, 10
   :header-rows: 1 [docutils]
[91m/Users/afm/src/open-ortho/dent-oip/source/V3_Appendix/A_ViewExamples/generated/EV36.rst:6: WARNING: image file not readable: V3_Appendix/images/EV36.png [image.not_readable][39;49;00m
/Users/afm/src/open-ortho/dent-oip/source/V3_Appendix/A_ViewExamples/generated/EV37.rst:18: CRITICAL: Problems with "csv-table" directive path:
[Errno 2] No such file or directory: 'source/V3_Appendix/tables/generated/EV37.csv'.

.. csv-table:: EV37
   :file: ../../tables/generated/EV37.csv
   :widths: 40, 10, 10
   :header-rows: 1 [docutils]
[91m/Users/afm/src/open-ortho/dent-oip/source/V3_Appendix/A_ViewExamples/generated/EV37.rst:6: WARNING: image file not readable: V3_Appendix/images/EV37.png [image.not_readable][39;49;00m
/Users/afm/src/open-ortho/dent-oip/source/V3_Appendix/A_ViewExamples/generated/EV38.rst:18: CRITICAL: Problems with "csv-table" directive path:
[Errno 2] No such file or directory: 'source/V3_Appendix/tables/generated/EV38.csv'.

.. csv-table:: EV38
   :file: ../../tables/generated/EV38.csv
   :widths: 40, 10, 10
   :header-rows: 1 [docutils]
[91m/Users/afm/src/open-ortho/dent-oip/source/V3_Appendix/A_ViewExamples/generated/EV38.rst:6: WARNING: image file not readable: V3_Appendix/images/EV38.png [image.not_readable][39;49;00m
/Users/afm/src/open-ortho/dent-oip/source/V3_Appendix/A_ViewExamples/generated/EV39.rst:18: CRITICAL: Problems with "csv-table" directive path:
[Errno 2] No such file or directory: 'source/V3_Appendix/tables/generated/EV39.csv'.

.. csv-table:: EV39
   :file: ../../tables/generated/EV39.csv
   :widths: 40, 10, 10
   :header-rows: 1 [docutils]
[91m/Users/afm/src/open-ortho/dent-oip/source/V3_Appendix/A_ViewExamples/generated/EV39.rst:6: WARNING: image file not readable: V3_Appendix/images/EV39.png [image.not_readable][39;49;00m
/Users/afm/src/open-ortho/dent-oip/source/V3_Appendix/A_ViewExamples/generated/EV40.rst:18: CRITICAL: Problems with "csv-table" directive path:
[Errno 2] No such file or directory: 'source/V3_Appendix/tables/generated/EV40.csv'.

.. csv-table:: EV40
   :file: ../../tables/generated/EV40.csv
   :widths: 40, 10, 10
   :header-rows: 1 [docutils]
[91m/Users/afm/src/open-ortho/dent-oip/source/V3_Appendix/A_ViewExamples/generated/EV40.rst:6: WARNING: image file not readable: V3_Appendix/images/EV40.png [image.not_readable][39;49;00m
/Users/afm/src/open-ortho/dent-oip/source/V3_Appendix/A_ViewExamples/generated/EV41.rst:18: CRITICAL: Problems with "csv-table" directive path:
[Errno 2] No such file or directory: 'source/V3_Appendix/tables/generated/EV41.csv'.

.. csv-table:: EV41
   :file: ../../tables/generated/EV41.csv
   :widths: 40, 10, 10
   :header-rows: 1 [docutils]
[91m/Users/afm/src/open-ortho/dent-oip/source/V3_Appendix/A_ViewExamples/generated/EV41.rst:6: WARNING: image file not readable: V3_Appendix/images/EV41.png [image.not_readable][39;49;00m
/Users/afm/src/open-ortho/dent-oip/source/V3_Appendix/A_ViewExamples/generated/EV42.rst:18: CRITICAL: Problems with "csv-table" directive path:
[Errno 2] No such file or directory: 'source/V3_Appendix/tables/generated/EV42.csv'.

.. csv-table:: EV42
   :file: ../../tables/generated/EV42.csv
   :widths: 40, 10, 10
   :header-rows: 1 [docutils]
[91m/Users/afm/src/open-ortho/dent-oip/source/V3_Appendix/A_ViewExamples/generated/EV42.rst:6: WARNING: image file not readable: V3_Appendix/images/EV42.png [image.not_readable][39;49;00m
/Users/afm/src/open-ortho/dent-oip/source/V3_Appendix/A_ViewExamples/generated/EV43.rst:18: CRITICAL: Problems with "csv-table" directive path:
[Errno 2] No such file or directory: 'source/V3_Appendix/tables/generated/EV43.csv'.

.. csv-table:: EV43
   :file: ../../tables/generated/EV43.csv
   :widths: 40, 10, 10
   :header-rows: 1 [docutils]
[91m/Users/afm/src/open-ortho/dent-oip/source/V3_Appendix/A_ViewExamples/generated/EV43.rst:6: WARNING: image file not readable: V3_Appendix/images/EV43.png [image.not_readable][39;49;00m
/Users/afm/src/open-ortho/dent-oip/source/V3_Appendix/A_ViewExamples/generated/IV01.rst:18: CRITICAL: Problems with "csv-table" directive path:
[Errno 2] No such file or directory: 'source/V3_Appendix/tables/generated/IV01.csv'.

.. csv-table:: IV01
   :file: ../../tables/generated/IV01.csv
   :widths: 40, 10, 10
   :header-rows: 1 [docutils]
[91m/Users/afm/src/open-ortho/dent-oip/source/V3_Appendix/A_ViewExamples/generated/IV01.rst:6: WARNING: image file not readable: V3_Appendix/images/IV01.png [image.not_readable][39;49;00m
/Users/afm/src/open-ortho/dent-oip/source/V3_Appendix/A_ViewExamples/generated/IV02.rst:18: CRITICAL: Problems with "csv-table" directive path:
[Errno 2] No such file or directory: 'source/V3_Appendix/tables/generated/IV02.csv'.

.. csv-table:: IV02
   :file: ../../tables/generated/IV02.csv
   :widths: 40, 10, 10
   :header-rows: 1 [docutils]
[91m/Users/afm/src/open-ortho/dent-oip/source/V3_Appendix/A_ViewExamples/generated/IV02.rst:6: WARNING: image file not readable: V3_Appendix/images/IV02.png [image.not_readable][39;49;00m
/Users/afm/src/open-ortho/dent-oip/source/V3_Appendix/A_ViewExamples/generated/IV03.rst:18: CRITICAL: Problems with "csv-table" directive path:
[Errno 2] No such file or directory: 'source/V3_Appendix/tables/generated/IV03.csv'.

.. csv-table:: IV03
   :file: ../../tables/generated/IV03.csv
   :widths: 40, 10, 10
   :header-rows: 1 [docutils]
[91m/Users/afm/src/open-ortho/dent-oip/source/V3_Appendix/A_ViewExamples/generated/IV03.rst:6: WARNING: image file not readable: V3_Appendix/images/IV03.png [image.not_readable][39;49;00m
/Users/afm/src/open-ortho/dent-oip/source/V3_Appendix/A_ViewExamples/generated/IV04.rst:18: CRITICAL: Problems with "csv-table" directive path:
[Errno 2] No such file or directory: 'source/V3_Appendix/tables/generated/IV04.csv'.

.. csv-table:: IV04
   :file: ../../tables/generated/IV04.csv
   :widths: 40, 10, 10
   :header-rows: 1 [docutils]
[91m/Users/afm/src/open-ortho/dent-oip/source/V3_Appendix/A_ViewExamples/generated/IV04.rst:6: WARNING: image file not readable: V3_Appendix/images/IV04.png [image.not_readable][39;49;00m
/Users/afm/src/open-ortho/dent-oip/source/V3_Appendix/A_ViewExamples/generated/IV05.rst:18: CRITICAL: Problems with "csv-table" directive path:
[Errno 2] No such file or directory: 'source/V3_Appendix/tables/generated/IV05.csv'.

.. csv-table:: IV05
   :file: ../../tables/generated/IV05.csv
   :widths: 40, 10, 10
   :header-rows: 1 [docutils]
[91m/Users/afm/src/open-ortho/dent-oip/source/V3_Appendix/A_ViewExamples/generated/IV05.rst:6: WARNING: image file not readable: V3_Appendix/images/IV05.png [image.not_readable][39;49;00m
/Users/afm/src/open-ortho/dent-oip/source/V3_Appendix/A_ViewExamples/generated/IV06.rst:18: CRITICAL: Problems with "csv-table" directive path:
[Errno 2] No such file or directory: 'source/V3_Appendix/tables/generated/IV06.csv'.

.. csv-table:: IV06
   :file: ../../tables/generated/IV06.csv
   :widths: 40, 10, 10
   :header-rows: 1 [docutils]
[91m/Users/afm/src/open-ortho/dent-oip/source/V3_Appendix/A_ViewExamples/generated/IV06.rst:6: WARNING: image file not readable: V3_Appendix/images/IV06.png [image.not_readable][39;49;00m
/Users/afm/src/open-ortho/dent-oip/source/V3_Appendix/A_ViewExamples/generated/IV07.rst:18: CRITICAL: Problems with "csv-table" directive path:
[Errno 2] No such file or directory: 'source/V3_Appendix/tables/generated/IV07.csv'.

.. csv-table:: IV07
   :file: ../../tables/generated/IV07.csv
   :widths: 40, 10, 10
   :header-rows: 1 [docutils]
[91m/Users/afm/src/open-ortho/dent-oip/source/V3_Appendix/A_ViewExamples/generated/IV07.rst:6: WARNING: image file not readable: V3_Appendix/images/IV07.png [image.not_readable][39;49;00m
/Users/afm/src/open-ortho/dent-oip/source/V3_Appendix/A_ViewExamples/generated/IV08.rst:18: CRITICAL: Problems with "csv-table" directive path:
[Errno 2] No such file or directory: 'source/V3_Appendix/tables/generated/IV08.csv'.

.. csv-table:: IV08
   :file: ../../tables/generated/IV08.csv
   :widths: 40, 10, 10
   :header-rows: 1 [docutils]
[91m/Users/afm/src/open-ortho/dent-oip/source/V3_Appendix/A_ViewExamples/generated/IV08.rst:6: WARNING: image file not readable: V3_Appendix/images/IV08.png [image.not_readable][39;49;00m
/Users/afm/src/open-ortho/dent-oip/source/V3_Appendix/A_ViewExamples/generated/IV09.rst:18: CRITICAL: Problems with "csv-table" directive path:
[Errno 2] No such file or directory: 'source/V3_Appendix/tables/generated/IV09.csv'.

.. csv-table:: IV09
   :file: ../../tables/generated/IV09.csv
   :widths: 40, 10, 10
   :header-rows: 1 [docutils]
[91m/Users/afm/src/open-ortho/dent-oip/source/V3_Appendix/A_ViewExamples/generated/IV09.rst:6: WARNING: image file not readable: V3_Appendix/images/IV09.png [image.not_readable][39;49;00m
/Users/afm/src/open-ortho/dent-oip/source/V3_Appendix/A_ViewExamples/generated/IV10.rst:18: CRITICAL: Problems with "csv-table" directive path:
[Errno 2] No such file or directory: 'source/V3_Appendix/tables/generated/IV10.csv'.

.. csv-table:: IV10
   :file: ../../tables/generated/IV10.csv
   :widths: 40, 10, 10
   :header-rows: 1 [docutils]
[91m/Users/afm/src/open-ortho/dent-oip/source/V3_Appendix/A_ViewExamples/generated/IV10.rst:6: WARNING: image file not readable: V3_Appendix/images/IV10.png [image.not_readable][39;49;00m
/Users/afm/src/open-ortho/dent-oip/source/V3_Appendix/A_ViewExamples/generated/IV11.rst:18: CRITICAL: Problems with "csv-table" directive path:
[Errno 2] No such file or directory: 'source/V3_Appendix/tables/generated/IV11.csv'.

.. csv-table:: IV11
   :file: ../../tables/generated/IV11.csv
   :widths: 40, 10, 10
   :header-rows: 1 [docutils]
[91m/Users/afm/src/open-ortho/dent-oip/source/V3_Appendix/A_ViewExamples/generated/IV11.rst:6: WARNING: image file not readable: V3_Appendix/images/IV11.png [image.not_readable][39;49;00m
/Users/afm/src/open-ortho/dent-oip/source/V3_Appendix/A_ViewExamples/generated/IV12.rst:18: CRITICAL: Problems with "csv-table" directive path:
[Errno 2] No such file or directory: 'source/V3_Appendix/tables/generated/IV12.csv'.

.. csv-table:: IV12
   :file: ../../tables/generated/IV12.csv
   :widths: 40, 10, 10
   :header-rows: 1 [docutils]
[91m/Users/afm/src/open-ortho/dent-oip/source/V3_Appendix/A_ViewExamples/generated/IV12.rst:6: WARNING: image file not readable: V3_Appendix/images/IV12.png [image.not_readable][39;49;00m
/Users/afm/src/open-ortho/dent-oip/source/V3_Appendix/A_ViewExamples/generated/IV13.rst:18: CRITICAL: Problems with "csv-table" directive path:
[Errno 2] No such file or directory: 'source/V3_Appendix/tables/generated/IV13.csv'.

.. csv-table:: IV13
   :file: ../../tables/generated/IV13.csv
   :widths: 40, 10, 10
   :header-rows: 1 [docutils]
[91m/Users/afm/src/open-ortho/dent-oip/source/V3_Appendix/A_ViewExamples/generated/IV13.rst:6: WARNING: image file not readable: V3_Appendix/images/IV13.png [image.not_readable][39;49;00m
/Users/afm/src/open-ortho/dent-oip/source/V3_Appendix/A_ViewExamples/generated/IV14.rst:18: CRITICAL: Problems with "csv-table" directive path:
[Errno 2] No such file or directory: 'source/V3_Appendix/tables/generated/IV14.csv'.

.. csv-table:: IV14
   :file: ../../tables/generated/IV14.csv
   :widths: 40, 10, 10
   :header-rows: 1 [docutils]
[91m/Users/afm/src/open-ortho/dent-oip/source/V3_Appendix/A_ViewExamples/generated/IV14.rst:6: WARNING: image file not readable: V3_Appendix/images/IV14.png [image.not_readable][39;49;00m
/Users/afm/src/open-ortho/dent-oip/source/V3_Appendix/A_ViewExamples/generated/IV15.rst:18: CRITICAL: Problems with "csv-table" directive path:
[Errno 2] No such file or directory: 'source/V3_Appendix/tables/generated/IV15.csv'.

.. csv-table:: IV15
   :file: ../../tables/generated/IV15.csv
   :widths: 40, 10, 10
   :header-rows: 1 [docutils]
[91m/Users/afm/src/open-ortho/dent-oip/source/V3_Appendix/A_ViewExamples/generated/IV15.rst:6: WARNING: image file not readable: V3_Appendix/images/IV15.png [image.not_readable][39;49;00m
/Users/afm/src/open-ortho/dent-oip/source/V3_Appendix/A_ViewExamples/generated/IV16.rst:18: CRITICAL: Problems with "csv-table" directive path:
[Errno 2] No such file or directory: 'source/V3_Appendix/tables/generated/IV16.csv'.

.. csv-table:: IV16
   :file: ../../tables/generated/IV16.csv
   :widths: 40, 10, 10
   :header-rows: 1 [docutils]
[91m/Users/afm/src/open-ortho/dent-oip/source/V3_Appendix/A_ViewExamples/generated/IV16.rst:6: WARNING: image file not readable: V3_Appendix/images/IV16.png [image.not_readable][39;49;00m
/Users/afm/src/open-ortho/dent-oip/source/V3_Appendix/A_ViewExamples/generated/IV17.rst:18: CRITICAL: Problems with "csv-table" directive path:
[Errno 2] No such file or directory: 'source/V3_Appendix/tables/generated/IV17.csv'.

.. csv-table:: IV17
   :file: ../../tables/generated/IV17.csv
   :widths: 40, 10, 10
   :header-rows: 1 [docutils]
[91m/Users/afm/src/open-ortho/dent-oip/source/V3_Appendix/A_ViewExamples/generated/IV17.rst:6: WARNING: image file not readable: V3_Appendix/images/IV17.png [image.not_readable][39;49;00m
/Users/afm/src/open-ortho/dent-oip/source/V3_Appendix/A_ViewExamples/generated/IV18.rst:18: CRITICAL: Problems with "csv-table" directive path:
[Errno 2] No such file or directory: 'source/V3_Appendix/tables/generated/IV18.csv'.

.. csv-table:: IV18
   :file: ../../tables/generated/IV18.csv
   :widths: 40, 10, 10
   :header-rows: 1 [docutils]
[91m/Users/afm/src/open-ortho/dent-oip/source/V3_Appendix/A_ViewExamples/generated/IV18.rst:6: WARNING: image file not readable: V3_Appendix/images/IV18.png [image.not_readable][39;49;00m
/Users/afm/src/open-ortho/dent-oip/source/V3_Appendix/A_ViewExamples/generated/IV19.rst:18: CRITICAL: Problems with "csv-table" directive path:
[Errno 2] No such file or directory: 'source/V3_Appendix/tables/generated/IV19.csv'.

.. csv-table:: IV19
   :file: ../../tables/generated/IV19.csv
   :widths: 40, 10, 10
   :header-rows: 1 [docutils]
[91m/Users/afm/src/open-ortho/dent-oip/source/V3_Appendix/A_ViewExamples/generated/IV19.rst:6: WARNING: image file not readable: V3_Appendix/images/IV19.png [image.not_readable][39;49;00m
/Users/afm/src/open-ortho/dent-oip/source/V3_Appendix/A_ViewExamples/generated/IV20.rst:18: CRITICAL: Problems with "csv-table" directive path:
[Errno 2] No such file or directory: 'source/V3_Appendix/tables/generated/IV20.csv'.

.. csv-table:: IV20
   :file: ../../tables/generated/IV20.csv
   :widths: 40, 10, 10
   :header-rows: 1 [docutils]
[91m/Users/afm/src/open-ortho/dent-oip/source/V3_Appendix/A_ViewExamples/generated/IV20.rst:6: WARNING: image file not readable: V3_Appendix/images/IV20.png [image.not_readable][39;49;00m
/Users/afm/src/open-ortho/dent-oip/source/V3_Appendix/A_ViewExamples/generated/IV21.rst:18: CRITICAL: Problems with "csv-table" directive path:
[Errno 2] No such file or directory: 'source/V3_Appendix/tables/generated/IV21.csv'.

.. csv-table:: IV21
   :file: ../../tables/generated/IV21.csv
   :widths: 40, 10, 10
   :header-rows: 1 [docutils]
[91m/Users/afm/src/open-ortho/dent-oip/source/V3_Appendix/A_ViewExamples/generated/IV21.rst:6: WARNING: image file not readable: V3_Appendix/images/IV21.png [image.not_readable][39;49;00m
/Users/afm/src/open-ortho/dent-oip/source/V3_Appendix/A_ViewExamples/generated/IV22.rst:18: CRITICAL: Problems with "csv-table" directive path:
[Errno 2] No such file or directory: 'source/V3_Appendix/tables/generated/IV22.csv'.

.. csv-table:: IV22
   :file: ../../tables/generated/IV22.csv
   :widths: 40, 10, 10
   :header-rows: 1 [docutils]
[91m/Users/afm/src/open-ortho/dent-oip/source/V3_Appendix/A_ViewExamples/generated/IV22.rst:6: WARNING: image file not readable: V3_Appendix/images/IV22.png [image.not_readable][39;49;00m
/Users/afm/src/open-ortho/dent-oip/source/V3_Appendix/A_ViewExamples/generated/IV23.rst:18: CRITICAL: Problems with "csv-table" directive path:
[Errno 2] No such file or directory: 'source/V3_Appendix/tables/generated/IV23.csv'.

.. csv-table:: IV23
   :file: ../../tables/generated/IV23.csv
   :widths: 40, 10, 10
   :header-rows: 1 [docutils]
[91m/Users/afm/src/open-ortho/dent-oip/source/V3_Appendix/A_ViewExamples/generated/IV23.rst:6: WARNING: image file not readable: V3_Appendix/images/IV23.png [image.not_readable][39;49;00m
/Users/afm/src/open-ortho/dent-oip/source/V3_Appendix/A_ViewExamples/generated/IV24.rst:18: CRITICAL: Problems with "csv-table" directive path:
[Errno 2] No such file or directory: 'source/V3_Appendix/tables/generated/IV24.csv'.

.. csv-table:: IV24
   :file: ../../tables/generated/IV24.csv
   :widths: 40, 10, 10
   :header-rows: 1 [docutils]
[91m/Users/afm/src/open-ortho/dent-oip/source/V3_Appendix/A_ViewExamples/generated/IV24.rst:6: WARNING: image file not readable: V3_Appendix/images/IV24.png [image.not_readable][39;49;00m
/Users/afm/src/open-ortho/dent-oip/source/V3_Appendix/A_ViewExamples/generated/IV25.rst:18: CRITICAL: Problems with "csv-table" directive path:
[Errno 2] No such file or directory: 'source/V3_Appendix/tables/generated/IV25.csv'.

.. csv-table:: IV25
   :file: ../../tables/generated/IV25.csv
   :widths: 40, 10, 10
   :header-rows: 1 [docutils]
[91m/Users/afm/src/open-ortho/dent-oip/source/V3_Appendix/A_ViewExamples/generated/IV25.rst:6: WARNING: image file not readable: V3_Appendix/images/IV25.png [image.not_readable][39;49;00m
/Users/afm/src/open-ortho/dent-oip/source/V3_Appendix/A_ViewExamples/generated/IV26.rst:18: CRITICAL: Problems with "csv-table" directive path:
[Errno 2] No such file or directory: 'source/V3_Appendix/tables/generated/IV26.csv'.

.. csv-table:: IV26
   :file: ../../tables/generated/IV26.csv
   :widths: 40, 10, 10
   :header-rows: 1 [docutils]
[91m/Users/afm/src/open-ortho/dent-oip/source/V3_Appendix/A_ViewExamples/generated/IV26.rst:6: WARNING: image file not readable: V3_Appendix/images/IV26.png [image.not_readable][39;49;00m
/Users/afm/src/open-ortho/dent-oip/source/V3_Appendix/A_ViewExamples/generated/IV27.rst:18: CRITICAL: Problems with "csv-table" directive path:
[Errno 2] No such file or directory: 'source/V3_Appendix/tables/generated/IV27.csv'.

.. csv-table:: IV27
   :file: ../../tables/generated/IV27.csv
   :widths: 40, 10, 10
   :header-rows: 1 [docutils]
[91m/Users/afm/src/open-ortho/dent-oip/source/V3_Appendix/A_ViewExamples/generated/IV27.rst:6: WARNING: image file not readable: V3_Appendix/images/IV27.png [image.not_readable][39;49;00m
/Users/afm/src/open-ortho/dent-oip/source/V3_Appendix/A_ViewExamples/generated/IV28.rst:18: CRITICAL: Problems with "csv-table" directive path:
[Errno 2] No such file or directory: 'source/V3_Appendix/tables/generated/IV28.csv'.

.. csv-table:: IV28
   :file: ../../tables/generated/IV28.csv
   :widths: 40, 10, 10
   :header-rows: 1 [docutils]
[91m/Users/afm/src/open-ortho/dent-oip/source/V3_Appendix/A_ViewExamples/generated/IV28.rst:6: WARNING: image file not readable: V3_Appendix/images/IV28.png [image.not_readable][39;49;00m
/Users/afm/src/open-ortho/dent-oip/source/V3_Appendix/A_ViewExamples/generated/IV29.rst:18: CRITICAL: Problems with "csv-table" directive path:
[Errno 2] No such file or directory: 'source/V3_Appendix/tables/generated/IV29.csv'.

.. csv-table:: IV29
   :file: ../../tables/generated/IV29.csv
   :widths: 40, 10, 10
   :header-rows: 1 [docutils]
[91m/Users/afm/src/open-ortho/dent-oip/source/V3_Appendix/A_ViewExamples/generated/IV29.rst:6: WARNING: image file not readable: V3_Appendix/images/IV29.png [image.not_readable][39;49;00m
/Users/afm/src/open-ortho/dent-oip/source/V3_Appendix/A_ViewExamples/generated/IV30.rst:18: CRITICAL: Problems with "csv-table" directive path:
[Errno 2] No such file or directory: 'source/V3_Appendix/tables/generated/IV30.csv'.

.. csv-table:: IV30
   :file: ../../tables/generated/IV30.csv
   :widths: 40, 10, 10
   :header-rows: 1 [docutils]
[91m/Users/afm/src/open-ortho/dent-oip/source/V3_Appendix/A_ViewExamples/generated/IV30.rst:6: WARNING: image file not readable: V3_Appendix/images/IV30.png [image.not_readable][39;49;00m
[91m/Users/afm/src/open-ortho/dent-oip/source/V3_Appendix/C_DeviceExamples/03_device_examples.rst:11: WARNING: image file not readable: V3_Appendix/images-static/intraoral_mirror.jpg [image.not_readable][39;49;00m
[91m/Users/afm/src/open-ortho/dent-oip/source/V3_Appendix/C_DeviceExamples/03_device_examples.rst:38: WARNING: image file not readable: V3_Appendix/images-static/measuring-ruler.jpg [image.not_readable][39;49;00m
[91m/Users/afm/src/open-ortho/dent-oip/source/V3_Appendix/C_DeviceExamples/03_device_examples.rst:54: WARNING: image file not readable: V3_Appendix/images-static/contraster.jpg [image.not_readable][39;49;00m
[91m/Users/afm/src/open-ortho/dent-oip/source/V3_Appendix/C_DeviceExamples/03_device_examples.rst:71: WARNING: image file not readable: V3_Appendix/images-static/tongue_depressor.jpg [image.not_readable][39;49;00m
[91m/Users/afm/src/open-ortho/dent-oip/source/V3_Appendix/C_DeviceExamples/03_device_examples.rst:84: WARNING: image file not readable: V3_Appendix/images-static/2023-lincoln-penny-uncirculated-obverse-philadelphia-768x768.jpg [image.not_readable][39;49;00m
[91m/Users/afm/src/open-ortho/dent-oip/source/V3_Appendix/index.rst:8: WARNING: toctree contains reference to nonexisting document 'V3_Appendix/ViewExamples/index' [toc.not_readable][39;49;00m
[91m/Users/afm/src/open-ortho/dent-oip/source/V1_Orthodontic_Imaging_Profile/03_oip_process_flow/oip_use_cases.rst: WARNING: document isn't included in any toctree[39;49;00m
[91m/Users/afm/src/open-ortho/dent-oip/source/V3_07_DICOM/Modality_Worklist_SOP_Class/03_Imaging_Service_Request/0008_0050_accession_number.rst: WARNING: document isn't included in any toctree[39;49;00m
[91m/Users/afm/src/open-ortho/dent-oip/source/V3_Appendix/index.rst: WARNING: document isn't included in any toctree[39;49;00m
[91m/Users/afm/src/open-ortho/dent-oip/source/V3_07_DICOM/Modality_Worklist_SOP_Class/index.rst:59: WARNING: undefined label: 'scheduled_protocol_code' [ref.ref][39;49;00m
[91m/Users/afm/src/open-ortho/dent-oip/source/V3_Appendix/C_DeviceExamples/03_device_examples.rst:11: WARNING: Could not obtain image size. :scale: option is ignored.[39;49;00m
[91m/Users/afm/src/open-ortho/dent-oip/source/V3_Appendix/C_DeviceExamples/03_device_examples.rst:11: WARNING: Cannot scale image!
  Could not get size from "V3_Appendix/images-static/intraoral_mirror.jpg":
  [Errno 2] No such file or directory: 'V3_Appendix/images-static/intraoral_mirror.jpg' [docutils][39;49;00m
[91m/Users/afm/src/open-ortho/dent-oip/source/V3_Appendix/C_DeviceExamples/03_device_examples.rst:38: WARNING: Could not obtain image size. :scale: option is ignored.[39;49;00m
[91m/Users/afm/src/open-ortho/dent-oip/source/V3_Appendix/C_DeviceExamples/03_device_examples.rst:38: WARNING: Cannot scale image!
  Could not get size from "V3_Appendix/images-static/measuring-ruler.jpg":
  [Errno 2] No such file or directory: 'V3_Appendix/images-static/measuring-ruler.jpg' [docutils][39;49;00m
[91m/Users/afm/src/open-ortho/dent-oip/source/V3_Appendix/C_DeviceExamples/03_device_examples.rst:54: WARNING: Could not obtain image size. :scale: option is ignored.[39;49;00m
[91m/Users/afm/src/open-ortho/dent-oip/source/V3_Appendix/C_DeviceExamples/03_device_examples.rst:54: WARNING: Cannot scale image!
  Could not get size from "V3_Appendix/images-static/contraster.jpg":
  [Errno 2] No such file or directory: 'V3_Appendix/images-static/contraster.jpg' [docutils][39;49;00m
[91m/Users/afm/src/open-ortho/dent-oip/source/V3_Appendix/C_DeviceExamples/03_device_examples.rst:71: WARNING: Could not obtain image size. :scale: option is ignored.[39;49;00m
[91m/Users/afm/src/open-ortho/dent-oip/source/V3_Appendix/C_DeviceExamples/03_device_examples.rst:71: WARNING: Cannot scale image!
  Could not get size from "V3_Appendix/images-static/tongue_depressor.jpg":
  [Errno 2] No such file or directory: 'V3_Appendix/images-static/tongue_depressor.jpg' [docutils][39;49;00m
[91m/Users/afm/src/open-ortho/dent-oip/source/V3_Appendix/C_DeviceExamples/03_device_examples.rst:84: WARNING: Could not obtain image size. :scale: option is ignored.[39;49;00m
[91m/Users/afm/src/open-ortho/dent-oip/source/V3_Appendix/C_DeviceExamples/03_device_examples.rst:84: WARNING: Cannot scale image!
  Could not get size from "V3_Appendix/images-static/2023-lincoln-penny-uncirculated-obverse-philadelphia-768x768.jpg":
  [Errno 2] No such file or directory: 'V3_Appendix/images-static/2023-lincoln-penny-uncirculated-obverse-philadelphia-768x768.jpg' [docutils][39;49;00m
